<?xml version="1.0" encoding="UTF-8"?>
<testsuites name="test_run" time="36" tests="1" failures="0" errors="0">
   <testsuite name="test_run" tests="1" failures="0" errors="0" time="36" timestamp="2018-02-07 17:16:37" hostname="Ang - DESKTOP-JMN7MR3" id="Test Suites/test_run">
      <properties>
         <property name="deviceName" value=""/>
         <property name="devicePlatform" value=""/>
         <property name="logFolder" value="C:\\Users\\Ang\\Katalon Studio\\oddle-automa-fesc-v3\\Reports\\test_run\\20180207_171631"/>
         <property name="logFiles" value="C:\\Users\\Ang\\Katalon Studio\\oddle-automa-fesc-v3\\Reports\\test_run\\20180207_171631\\execution0.log"/>
         <property name="attachments" value=""/>
         <property name="hostName" value="Ang - DESKTOP-JMN7MR3"/>
         <property name="os" value="Windows 10 64bit"/>
         <property name="katalonVersion" value="5.2.0.1"/>
         <property name="browser" value="Firefox 58.0"/>
         <property name="hostAddress" value="192.168.126.1"/>
         <property name="sessionId" value="7350477f049605fa45d132a9cfd31eb35749b4dd"/>
         <property name="seleniumVersion" value="3.7.1"/>
         <property name="proxyInformation" value="ProxyInformation{proxyOption=NO_PROXY, proxyServerType=HTTP, password=, proxyServerAddress=, proxyServerPort=0}"/>
         <property name="platform" value="Windows 10"/>
      </properties>
      <testcase name="Test Cases/001_login_email_successful" classname="Test Cases/001_login_email_successful" status="PASSED">
         <system-out><![CDATA[2018-02-07 17:16:38 - [TEST_CASE][PASSED] - Test Cases/001_login_email_successful: Test Cases/001_login_email_successful

2018-02-07 17:16:39 - [TEST_STEP][PASSED] - autoKeywords.goToHomepageMax.goToHomepage: autoKeywords.goToHomepageMax.goToHomepage is PASSED

2018-02-07 17:16:53 - [MESSAGE][PASSED] - Browser is opened with url: ''

2018-02-07 17:16:57 - [MESSAGE][PASSED] - Current window maximized

2018-02-07 17:17:03 - [MESSAGE][PASSED] - Navigate to 'https://oddleautomate.beta.oddle.me/' successfully

2018-02-07 17:17:03 - [MESSAGE][PASSED] - autoKeywords.goToHomepageMax.goToHomepage is PASSED

2018-02-07 17:17:03 - [TEST_STEP][PASSED] - click: Object: 'Object Repository/logIn/span_Sign In' is clicked on

2018-02-07 17:17:04 - [MESSAGE][PASSED] - Object: 'Object Repository/logIn/span_Sign In' is clicked on

2018-02-07 17:17:04 - [TEST_STEP][PASSED] - setText: Text 'kevin.ang+auto@oddle.me' is set on object 'Object Repository/logIn/input_email'

2018-02-07 17:17:05 - [MESSAGE][PASSED] - Text 'kevin.ang+auto@oddle.me' is set on object 'Object Repository/logIn/input_email'

2018-02-07 17:17:05 - [TEST_STEP][PASSED] - setText: Text 'password' is set on object 'Object Repository/logIn/input_password'

2018-02-07 17:17:07 - [MESSAGE][PASSED] - Text 'password' is set on object 'Object Repository/logIn/input_password'

2018-02-07 17:17:07 - [TEST_STEP][PASSED] - click: Object: 'Object Repository/logIn/button_signin-flow-Sign In' is clicked on

2018-02-07 17:17:07 - [MESSAGE][PASSED] - Object: 'Object Repository/logIn/button_signin-flow-Sign In' is clicked on

2018-02-07 17:17:07 - [TEST_STEP][PASSED] - click: Object: 'Object Repository/logIn/button_signin-flow-Save' is clicked on

2018-02-07 17:17:08 - [MESSAGE][PASSED] - Object: 'Object Repository/logIn/button_signin-flow-Save' is clicked on

2018-02-07 17:17:08 - [TEST_STEP][PASSED] - waitForElementVisible: Object 'Object Repository/logIn/button_ Continue Shopping' is visible

2018-02-07 17:17:08 - [MESSAGE][WARNING] - Timeout '0' is invalid. Using default page load timeout: '5'

2018-02-07 17:17:09 - [MESSAGE][PASSED] - Object 'Object Repository/logIn/button_ Continue Shopping' is visible

2018-02-07 17:17:09 - [TEST_STEP][PASSED] - click: Object: 'Object Repository/logIn/button_ Continue Shopping' is clicked on

2018-02-07 17:17:09 - [MESSAGE][PASSED] - Object: 'Object Repository/logIn/button_ Continue Shopping' is clicked on

2018-02-07 17:17:09 - [TEST_STEP][PASSED] - autoKeywords.verifyLoggedIn.verifyLogged: autoKeywords.verifyLoggedIn.verifyLogged is PASSED

2018-02-07 17:17:10 - [MESSAGE][PASSED] - Text of object 'Object Repository/logIn/span_signin_SignedIn Name' is: 'kevin test'

2018-02-07 17:17:10 - [MESSAGE][PASSED] - Actual text 'kevin test' and expected text 'kevin test' are matched 

2018-02-07 17:17:10 - [MESSAGE][PASSED] - autoKeywords.verifyLoggedIn.verifyLogged is PASSED]]></system-out>
         <system-err><![CDATA[]]></system-err>
      </testcase>
      <system-out><![CDATA[2018-02-07 17:16:37 - [TEST_SUITE][PASSED] - test_run: Test Cases/001_login_email_successful]]></system-out>
      <system-err><![CDATA[]]></system-err>
   </testsuite>
</testsuites>
