<?xml version="1.0" encoding="UTF-8"?>
<testsuites name="login_logout" time="18" tests="1" failures="0" errors="0">
   <testsuite name="login_logout" tests="1" failures="0" errors="0" time="18" timestamp="2018-02-09 14:30:27" hostname="Ang - DESKTOP-JMN7MR3" id="Test Suites/login_logout">
      <properties>
         <property name="deviceName" value=""/>
         <property name="devicePlatform" value=""/>
         <property name="logFolder" value="C:\\Users\\Ang\\Katalon Studio\\oddle-automa-fesc-v3\\Reports\\login_logout\\20180209_143021"/>
         <property name="logFiles" value="C:\\Users\\Ang\\Katalon Studio\\oddle-automa-fesc-v3\\Reports\\login_logout\\20180209_143021\\execution0.log"/>
         <property name="attachments" value=""/>
         <property name="hostName" value="Ang - DESKTOP-JMN7MR3"/>
         <property name="os" value="Windows 10 64bit"/>
         <property name="katalonVersion" value="5.2.0.1"/>
         <property name="browser" value="Chrome 63.0.3239.132"/>
         <property name="hostAddress" value="192.168.126.1"/>
         <property name="sessionId" value="77488f1935b255386091affb70722284"/>
         <property name="seleniumVersion" value="3.7.1"/>
         <property name="proxyInformation" value="ProxyInformation{proxyOption=NO_PROXY, proxyServerType=HTTP, password=, proxyServerAddress=, proxyServerPort=0}"/>
         <property name="platform" value="Windows 10"/>
      </properties>
      <testcase name="Test Cases/006_login_fb_loggedin" classname="Test Cases/006_login_fb_loggedin" status="PASSED">
         <system-out><![CDATA[2018-02-09 14:30:27 - [TEST_CASE][PASSED] - Test Cases/006_login_fb_loggedin: Test Cases/006_login_fb_loggedin

2018-02-09 14:30:28 - [TEST_STEP][PASSED] - openBrowser: Browser is opened with url: ''

2018-02-09 14:30:31 - [MESSAGE][PASSED] - Browser is opened with url: ''

2018-02-09 14:30:31 - [TEST_STEP][PASSED] - maximizeWindow: Current window maximized

2018-02-09 14:30:32 - [MESSAGE][PASSED] - Current window maximized

2018-02-09 14:30:32 - [TEST_STEP][PASSED] - navigateToUrl: Navigate to 'https://www.facebook.com/' successfully

2018-02-09 14:30:34 - [MESSAGE][PASSED] - Navigate to 'https://www.facebook.com/' successfully

2018-02-09 14:30:34 - [TEST_STEP][PASSED] - setText: Text 'kevin.ang@oddle.me' is set on object 'Object Repository/externalSites/fb_input_email'

2018-02-09 14:30:34 - [MESSAGE][PASSED] - Text 'kevin.ang@oddle.me' is set on object 'Object Repository/externalSites/fb_input_email'

2018-02-09 14:30:34 - [TEST_STEP][PASSED] - setText: Text 'puToNtaB_1' is set on object 'Object Repository/externalSites/fb_input_pass'

2018-02-09 14:30:34 - [MESSAGE][PASSED] - Text 'puToNtaB_1' is set on object 'Object Repository/externalSites/fb_input_pass'

2018-02-09 14:30:34 - [TEST_STEP][PASSED] - click: Object: 'Object Repository/externalSites/fb_input_login' is clicked on

2018-02-09 14:30:38 - [MESSAGE][PASSED] - Object: 'Object Repository/externalSites/fb_input_login' is clicked on

2018-02-09 14:30:38 - [TEST_STEP][PASSED] - delay: Delayed 3 second(s)

2018-02-09 14:30:41 - [MESSAGE][PASSED] - Delayed 3 second(s)

2018-02-09 14:30:41 - [TEST_STEP][PASSED] - navigateToUrl: Navigate to 'https://oddleautomate.beta.oddle.me/' successfully

2018-02-09 14:30:43 - [MESSAGE][PASSED] - Navigate to 'https://oddleautomate.beta.oddle.me/' successfully

2018-02-09 14:30:43 - [TEST_STEP][PASSED] - click: Object: 'Object Repository/logIn/span_Sign In' is clicked on

2018-02-09 14:30:43 - [MESSAGE][PASSED] - Object: 'Object Repository/logIn/span_Sign In' is clicked on

2018-02-09 14:30:43 - [TEST_STEP][PASSED] - waitForElementClickable: Object 'Object Repository/logIn/button_Facebook Connect' is clickable

2018-02-09 14:30:43 - [MESSAGE][WARNING] - Timeout '0' is invalid. Using default page load timeout: '5'

2018-02-09 14:30:43 - [MESSAGE][PASSED] - Object 'Object Repository/logIn/button_Facebook Connect' is clickable

2018-02-09 14:30:43 - [TEST_STEP][PASSED] - click: Object: 'Object Repository/logIn/button_Facebook Connect' is clicked on

2018-02-09 14:30:43 - [MESSAGE][PASSED] - Object: 'Object Repository/logIn/button_Facebook Connect' is clicked on

2018-02-09 14:30:43 - [TEST_STEP][PASSED] - autoKeywords.verifyLoginStatus.verifyLoggedIn: autoKeywords.verifyLoginStatus.verifyLoggedIn is PASSED

2018-02-09 14:30:44 - [MESSAGE][PASSED] - Text of object 'Object Repository/logIn/span_signin_SignedIn Name' is: 'kevin test'

2018-02-09 14:30:44 - [MESSAGE][PASSED] - Actual text 'kevin test' and expected text 'kevin test' are matched 

2018-02-09 14:30:44 - [MESSAGE][PASSED] - autoKeywords.verifyLoginStatus.verifyLoggedIn is PASSED]]></system-out>
         <system-err><![CDATA[]]></system-err>
      </testcase>
      <system-out><![CDATA[2018-02-09 14:30:27 - [TEST_SUITE][PASSED] - login_logout: Test Cases/006_login_fb_loggedin]]></system-out>
      <system-err><![CDATA[]]></system-err>
   </testsuite>
</testsuites>
