<?xml version="1.0" encoding="UTF-8"?>
<testsuites name="login_logout" time="100" tests="8" failures="1" errors="0">
   <testsuite name="login_logout" tests="8" failures="1" errors="0" time="100" timestamp="2018-02-09 14:28:39" hostname="Ang - DESKTOP-JMN7MR3" id="Test Suites/login_logout">
      <properties>
         <property name="deviceName" value=""/>
         <property name="devicePlatform" value=""/>
         <property name="logFolder" value="C:\\Users\\Ang\\Katalon Studio\\oddle-automa-fesc-v3\\Reports\\login_logout\\20180209_142832"/>
         <property name="logFiles" value="C:\\Users\\Ang\\Katalon Studio\\oddle-automa-fesc-v3\\Reports\\login_logout\\20180209_142832\\execution0.log"/>
         <property name="attachments" value="C:\\Users\\Ang\\Katalon Studio\\oddle-automa-fesc-v3\\Reports\\login_logout\\20180209_142832\\1518157784679.png"/>
         <property name="hostName" value="Ang - DESKTOP-JMN7MR3"/>
         <property name="os" value="Windows 10 64bit"/>
         <property name="katalonVersion" value="5.2.0.1"/>
         <property name="browser" value="Chrome 63.0.3239.132"/>
         <property name="hostAddress" value="192.168.126.1"/>
         <property name="sessionId" value="79399b54eff147ee6ca8702936802932"/>
         <property name="seleniumVersion" value="3.7.1"/>
         <property name="proxyInformation" value="ProxyInformation{proxyOption=NO_PROXY, proxyServerType=HTTP, password=, proxyServerAddress=, proxyServerPort=0}"/>
         <property name="platform" value="Windows 10"/>
      </properties>
      <testcase name="Test Cases/001_login_email_successful" classname="Test Cases/001_login_email_successful" status="PASSED">
         <system-out><![CDATA[2018-02-09 14:28:39 - [TEST_CASE][PASSED] - Test Cases/001_login_email_successful: Test Cases/001_login_email_successful

2018-02-09 14:28:39 - [TEST_STEP][PASSED] - autoKeywords.goToHomepageMax.goToHomepage: autoKeywords.goToHomepageMax.goToHomepage is PASSED

2018-02-09 14:28:43 - [MESSAGE][PASSED] - Browser is opened with url: ''

2018-02-09 14:28:45 - [MESSAGE][PASSED] - Current window maximized

2018-02-09 14:28:47 - [MESSAGE][PASSED] - Navigate to 'https://oddleautomate.beta.oddle.me/' successfully

2018-02-09 14:28:47 - [MESSAGE][PASSED] - autoKeywords.goToHomepageMax.goToHomepage is PASSED

2018-02-09 14:28:47 - [TEST_STEP][PASSED] - click: Object: 'Object Repository/logIn/span_Sign In' is clicked on

2018-02-09 14:28:47 - [MESSAGE][PASSED] - Object: 'Object Repository/logIn/span_Sign In' is clicked on

2018-02-09 14:28:47 - [TEST_STEP][PASSED] - setText: Text 'kevin.ang+auto@oddle.me' is set on object 'Object Repository/logIn/input_email'

2018-02-09 14:28:48 - [MESSAGE][PASSED] - Text 'kevin.ang+auto@oddle.me' is set on object 'Object Repository/logIn/input_email'

2018-02-09 14:28:48 - [TEST_STEP][PASSED] - setText: Text 'password' is set on object 'Object Repository/logIn/input_password'

2018-02-09 14:28:48 - [MESSAGE][PASSED] - Text 'password' is set on object 'Object Repository/logIn/input_password'

2018-02-09 14:28:48 - [TEST_STEP][PASSED] - click: Object: 'Object Repository/logIn/button_signin-flow-Sign In' is clicked on

2018-02-09 14:28:48 - [MESSAGE][PASSED] - Object: 'Object Repository/logIn/button_signin-flow-Sign In' is clicked on

2018-02-09 14:28:48 - [TEST_STEP][PASSED] - click: Object: 'Object Repository/logIn/button_signin-flow-Save' is clicked on

2018-02-09 14:28:48 - [MESSAGE][PASSED] - Object: 'Object Repository/logIn/button_signin-flow-Save' is clicked on

2018-02-09 14:28:48 - [TEST_STEP][PASSED] - waitForElementVisible: Object 'Object Repository/logIn/button_ Continue Shopping' is visible

2018-02-09 14:28:48 - [MESSAGE][WARNING] - Timeout '0' is invalid. Using default page load timeout: '5'

2018-02-09 14:28:49 - [MESSAGE][PASSED] - Object 'Object Repository/logIn/button_ Continue Shopping' is visible

2018-02-09 14:28:49 - [TEST_STEP][PASSED] - click: Object: 'Object Repository/logIn/button_ Continue Shopping' is clicked on

2018-02-09 14:28:49 - [MESSAGE][PASSED] - Object: 'Object Repository/logIn/button_ Continue Shopping' is clicked on

2018-02-09 14:28:49 - [TEST_STEP][PASSED] - autoKeywords.verifyLoginStatus.verifyLoggedIn: autoKeywords.verifyLoginStatus.verifyLoggedIn is PASSED

2018-02-09 14:28:49 - [MESSAGE][PASSED] - Text of object 'Object Repository/logIn/span_signin_SignedIn Name' is: 'kevin test'

2018-02-09 14:28:49 - [MESSAGE][PASSED] - Actual text 'kevin test' and expected text 'kevin test' are matched 

2018-02-09 14:28:49 - [MESSAGE][PASSED] - autoKeywords.verifyLoginStatus.verifyLoggedIn is PASSED]]></system-out>
         <system-err><![CDATA[]]></system-err>
      </testcase>
      <testcase name="Test Cases/002_login_email_wrongpw" classname="Test Cases/002_login_email_wrongpw" status="PASSED">
         <system-out><![CDATA[2018-02-09 14:28:50 - [TEST_CASE][PASSED] - Test Cases/002_login_email_wrongpw: Test Cases/002_login_email_wrongpw

2018-02-09 14:28:50 - [TEST_STEP][PASSED] - autoKeywords.goToHomepageMax.goToHomepage: autoKeywords.goToHomepageMax.goToHomepage is PASSED

2018-02-09 14:28:52 - [MESSAGE][PASSED] - Browser is opened with url: ''

2018-02-09 14:28:53 - [MESSAGE][PASSED] - Current window maximized

2018-02-09 14:28:55 - [MESSAGE][PASSED] - Navigate to 'https://oddleautomate.beta.oddle.me/' successfully

2018-02-09 14:28:55 - [MESSAGE][PASSED] - autoKeywords.goToHomepageMax.goToHomepage is PASSED

2018-02-09 14:28:55 - [TEST_STEP][PASSED] - click: Object: 'Object Repository/logIn/span_Sign In' is clicked on

2018-02-09 14:28:55 - [MESSAGE][PASSED] - Object: 'Object Repository/logIn/span_Sign In' is clicked on

2018-02-09 14:28:55 - [TEST_STEP][PASSED] - verifyElementVisible: Object 'Object Repository/logIn/div_grid-parent signin window' is visible

2018-02-09 14:28:56 - [MESSAGE][PASSED] - Object 'Object Repository/logIn/div_grid-parent signin window' is visible

2018-02-09 14:28:56 - [TEST_STEP][PASSED] - setText: Text 'kevin.ang+auto@oddle.me' is set on object 'Object Repository/logIn/input_email'

2018-02-09 14:28:56 - [MESSAGE][PASSED] - Text 'kevin.ang+auto@oddle.me' is set on object 'Object Repository/logIn/input_email'

2018-02-09 14:28:56 - [TEST_STEP][PASSED] - setText: Text 'wrongpassword' is set on object 'Object Repository/logIn/input_password'

2018-02-09 14:28:56 - [MESSAGE][PASSED] - Text 'wrongpassword' is set on object 'Object Repository/logIn/input_password'

2018-02-09 14:28:56 - [TEST_STEP][PASSED] - click: Object: 'Object Repository/logIn/button_signin-flow-Sign In' is clicked on

2018-02-09 14:28:57 - [MESSAGE][PASSED] - Object: 'Object Repository/logIn/button_signin-flow-Sign In' is clicked on

2018-02-09 14:28:57 - [TEST_STEP][PASSED] - verifyElementVisible: Object 'Object Repository/logIn/div_grid-parent signin window' is visible

2018-02-09 14:28:57 - [MESSAGE][PASSED] - Object 'Object Repository/logIn/div_grid-parent signin window' is visible

2018-02-09 14:28:57 - [TEST_STEP][PASSED] - waitForElementVisible: Object 'Object Repository/logIn/a_ close signin window' is visible

2018-02-09 14:28:57 - [MESSAGE][WARNING] - Timeout '0' is invalid. Using default page load timeout: '5'

2018-02-09 14:28:57 - [MESSAGE][PASSED] - Object 'Object Repository/logIn/a_ close signin window' is visible

2018-02-09 14:28:57 - [TEST_STEP][PASSED] - click: Object: 'Object Repository/logIn/a_ close signin window' is clicked on

2018-02-09 14:28:57 - [MESSAGE][PASSED] - Object: 'Object Repository/logIn/a_ close signin window' is clicked on

2018-02-09 14:28:57 - [TEST_STEP][PASSED] - autoKeywords.verifyLoginStatus.verifyLoggedOut: autoKeywords.verifyLoginStatus.verifyLoggedOut is PASSED

2018-02-09 14:28:57 - [MESSAGE][PASSED] - Text of object 'Object Repository/logIn/span_Sign In' is: 'Sign In'

2018-02-09 14:28:57 - [MESSAGE][PASSED] - Actual text 'Sign In' and expected text 'Sign In' are matched 

2018-02-09 14:28:57 - [MESSAGE][PASSED] - autoKeywords.verifyLoginStatus.verifyLoggedOut is PASSED]]></system-out>
         <system-err><![CDATA[]]></system-err>
      </testcase>
      <testcase name="Test Cases/003_login_email_wrongpwformat" classname="Test Cases/003_login_email_wrongpwformat" status="PASSED">
         <system-out><![CDATA[2018-02-09 14:28:58 - [TEST_CASE][PASSED] - Test Cases/003_login_email_wrongpwformat: Test Cases/003_login_email_wrongpwformat

2018-02-09 14:28:58 - [TEST_STEP][PASSED] - autoKeywords.goToHomepageMax.goToHomepage: autoKeywords.goToHomepageMax.goToHomepage is PASSED

2018-02-09 14:29:00 - [MESSAGE][PASSED] - Browser is opened with url: ''

2018-02-09 14:29:01 - [MESSAGE][PASSED] - Current window maximized

2018-02-09 14:29:03 - [MESSAGE][PASSED] - Navigate to 'https://oddleautomate.beta.oddle.me/' successfully

2018-02-09 14:29:03 - [MESSAGE][PASSED] - autoKeywords.goToHomepageMax.goToHomepage is PASSED

2018-02-09 14:29:03 - [TEST_STEP][PASSED] - click: Object: 'Object Repository/logIn/span_Sign In' is clicked on

2018-02-09 14:29:03 - [MESSAGE][PASSED] - Object: 'Object Repository/logIn/span_Sign In' is clicked on

2018-02-09 14:29:03 - [TEST_STEP][PASSED] - verifyElementVisible: Object 'Object Repository/logIn/div_grid-parent signin window' is visible

2018-02-09 14:29:03 - [MESSAGE][PASSED] - Object 'Object Repository/logIn/div_grid-parent signin window' is visible

2018-02-09 14:29:03 - [TEST_STEP][PASSED] - setText: Text 'kevin.ang+auto@oddle.me' is set on object 'Object Repository/logIn/input_email'

2018-02-09 14:29:04 - [MESSAGE][PASSED] - Text 'kevin.ang+auto@oddle.me' is set on object 'Object Repository/logIn/input_email'

2018-02-09 14:29:04 - [TEST_STEP][PASSED] - setText: Text 'wrongft' is set on object 'Object Repository/logIn/input_password'

2018-02-09 14:29:04 - [MESSAGE][PASSED] - Text 'wrongft' is set on object 'Object Repository/logIn/input_password'

2018-02-09 14:29:04 - [TEST_STEP][PASSED] - click: Object: 'Object Repository/logIn/button_signin-flow-Sign In' is clicked on

2018-02-09 14:29:04 - [MESSAGE][PASSED] - Object: 'Object Repository/logIn/button_signin-flow-Sign In' is clicked on

2018-02-09 14:29:04 - [TEST_STEP][PASSED] - verifyElementVisible: Object 'Object Repository/logIn/div_grid-parent signin window' is visible

2018-02-09 14:29:04 - [MESSAGE][PASSED] - Object 'Object Repository/logIn/div_grid-parent signin window' is visible

2018-02-09 14:29:04 - [TEST_STEP][PASSED] - waitForElementVisible: Object 'Object Repository/logIn/a_ close signin window' is visible

2018-02-09 14:29:04 - [MESSAGE][WARNING] - Timeout '0' is invalid. Using default page load timeout: '5'

2018-02-09 14:29:04 - [MESSAGE][PASSED] - Object 'Object Repository/logIn/a_ close signin window' is visible

2018-02-09 14:29:04 - [TEST_STEP][PASSED] - click: Object: 'Object Repository/logIn/a_ close signin window' is clicked on

2018-02-09 14:29:04 - [MESSAGE][PASSED] - Object: 'Object Repository/logIn/a_ close signin window' is clicked on

2018-02-09 14:29:04 - [TEST_STEP][PASSED] - autoKeywords.verifyLoginStatus.verifyLoggedOut: autoKeywords.verifyLoginStatus.verifyLoggedOut is PASSED

2018-02-09 14:29:04 - [MESSAGE][PASSED] - Text of object 'Object Repository/logIn/span_Sign In' is: 'Sign In'

2018-02-09 14:29:04 - [MESSAGE][PASSED] - Actual text 'Sign In' and expected text 'Sign In' are matched 

2018-02-09 14:29:04 - [MESSAGE][PASSED] - autoKeywords.verifyLoginStatus.verifyLoggedOut is PASSED]]></system-out>
         <system-err><![CDATA[]]></system-err>
      </testcase>
      <testcase name="Test Cases/004_login_email_wrongemail" classname="Test Cases/004_login_email_wrongemail" status="PASSED">
         <system-out><![CDATA[2018-02-09 14:29:05 - [TEST_CASE][PASSED] - Test Cases/004_login_email_wrongemail: Test Cases/004_login_email_wrongemail

2018-02-09 14:29:05 - [TEST_STEP][PASSED] - autoKeywords.goToHomepageMax.goToHomepage: autoKeywords.goToHomepageMax.goToHomepage is PASSED

2018-02-09 14:29:07 - [MESSAGE][PASSED] - Browser is opened with url: ''

2018-02-09 14:29:08 - [MESSAGE][PASSED] - Current window maximized

2018-02-09 14:29:11 - [MESSAGE][PASSED] - Navigate to 'https://oddleautomate.beta.oddle.me/' successfully

2018-02-09 14:29:11 - [MESSAGE][PASSED] - autoKeywords.goToHomepageMax.goToHomepage is PASSED

2018-02-09 14:29:11 - [TEST_STEP][PASSED] - click: Object: 'Object Repository/logIn/span_Sign In' is clicked on

2018-02-09 14:29:11 - [MESSAGE][PASSED] - Object: 'Object Repository/logIn/span_Sign In' is clicked on

2018-02-09 14:29:11 - [TEST_STEP][PASSED] - verifyElementVisible: Object 'Object Repository/logIn/div_grid-parent signin window' is visible

2018-02-09 14:29:11 - [MESSAGE][PASSED] - Object 'Object Repository/logIn/div_grid-parent signin window' is visible

2018-02-09 14:29:11 - [TEST_STEP][PASSED] - setText: Text 'unusedemail@changethis.ifused' is set on object 'Object Repository/logIn/input_email'

2018-02-09 14:29:11 - [MESSAGE][PASSED] - Text 'unusedemail@changethis.ifused' is set on object 'Object Repository/logIn/input_email'

2018-02-09 14:29:11 - [TEST_STEP][PASSED] - setText: Text 'password' is set on object 'Object Repository/logIn/input_password'

2018-02-09 14:29:12 - [MESSAGE][PASSED] - Text 'password' is set on object 'Object Repository/logIn/input_password'

2018-02-09 14:29:12 - [TEST_STEP][PASSED] - click: Object: 'Object Repository/logIn/button_signin-flow-Sign In' is clicked on

2018-02-09 14:29:12 - [MESSAGE][PASSED] - Object: 'Object Repository/logIn/button_signin-flow-Sign In' is clicked on

2018-02-09 14:29:12 - [TEST_STEP][PASSED] - verifyElementVisible: Object 'Object Repository/logIn/div_grid-parent signin window' is visible

2018-02-09 14:29:12 - [MESSAGE][PASSED] - Object 'Object Repository/logIn/div_grid-parent signin window' is visible

2018-02-09 14:29:12 - [TEST_STEP][PASSED] - waitForElementVisible: Object 'Object Repository/logIn/a_ close signin window' is visible

2018-02-09 14:29:12 - [MESSAGE][WARNING] - Timeout '0' is invalid. Using default page load timeout: '5'

2018-02-09 14:29:12 - [MESSAGE][PASSED] - Object 'Object Repository/logIn/a_ close signin window' is visible

2018-02-09 14:29:12 - [TEST_STEP][PASSED] - click: Object: 'Object Repository/logIn/a_ close signin window' is clicked on

2018-02-09 14:29:12 - [MESSAGE][PASSED] - Object: 'Object Repository/logIn/a_ close signin window' is clicked on

2018-02-09 14:29:12 - [TEST_STEP][PASSED] - autoKeywords.verifyLoginStatus.verifyLoggedOut: autoKeywords.verifyLoginStatus.verifyLoggedOut is PASSED

2018-02-09 14:29:12 - [MESSAGE][PASSED] - Text of object 'Object Repository/logIn/span_Sign In' is: 'Sign In'

2018-02-09 14:29:12 - [MESSAGE][PASSED] - Actual text 'Sign In' and expected text 'Sign In' are matched 

2018-02-09 14:29:12 - [MESSAGE][PASSED] - autoKeywords.verifyLoginStatus.verifyLoggedOut is PASSED]]></system-out>
         <system-err><![CDATA[]]></system-err>
      </testcase>
      <testcase name="Test Cases/005_login_email_wrongemailformat" classname="Test Cases/005_login_email_wrongemailformat" status="PASSED">
         <system-out><![CDATA[2018-02-09 14:29:13 - [TEST_CASE][PASSED] - Test Cases/005_login_email_wrongemailformat: Test Cases/005_login_email_wrongemailformat

2018-02-09 14:29:13 - [TEST_STEP][PASSED] - autoKeywords.goToHomepageMax.goToHomepage: autoKeywords.goToHomepageMax.goToHomepage is PASSED

2018-02-09 14:29:15 - [MESSAGE][PASSED] - Browser is opened with url: ''

2018-02-09 14:29:16 - [MESSAGE][PASSED] - Current window maximized

2018-02-09 14:29:23 - [MESSAGE][PASSED] - Navigate to 'https://oddleautomate.beta.oddle.me/' successfully

2018-02-09 14:29:23 - [MESSAGE][PASSED] - autoKeywords.goToHomepageMax.goToHomepage is PASSED

2018-02-09 14:29:23 - [TEST_STEP][PASSED] - click: Object: 'Object Repository/logIn/span_Sign In' is clicked on

2018-02-09 14:29:23 - [MESSAGE][PASSED] - Object: 'Object Repository/logIn/span_Sign In' is clicked on

2018-02-09 14:29:23 - [TEST_STEP][PASSED] - verifyElementVisible: Object 'Object Repository/logIn/div_grid-parent signin window' is visible

2018-02-09 14:29:23 - [MESSAGE][PASSED] - Object 'Object Repository/logIn/div_grid-parent signin window' is visible

2018-02-09 14:29:23 - [TEST_STEP][PASSED] - setText: Text 'wrong_email_format' is set on object 'Object Repository/logIn/input_email'

2018-02-09 14:29:24 - [MESSAGE][PASSED] - Text 'wrong_email_format' is set on object 'Object Repository/logIn/input_email'

2018-02-09 14:29:24 - [TEST_STEP][PASSED] - setText: Text 'password' is set on object 'Object Repository/logIn/input_password'

2018-02-09 14:29:24 - [MESSAGE][PASSED] - Text 'password' is set on object 'Object Repository/logIn/input_password'

2018-02-09 14:29:24 - [TEST_STEP][PASSED] - click: Object: 'Object Repository/logIn/button_signin-flow-Sign In' is clicked on

2018-02-09 14:29:24 - [MESSAGE][PASSED] - Object: 'Object Repository/logIn/button_signin-flow-Sign In' is clicked on

2018-02-09 14:29:24 - [TEST_STEP][PASSED] - verifyElementVisible: Object 'Object Repository/logIn/div_grid-parent signin window' is visible

2018-02-09 14:29:24 - [MESSAGE][PASSED] - Object 'Object Repository/logIn/div_grid-parent signin window' is visible

2018-02-09 14:29:24 - [TEST_STEP][PASSED] - waitForElementVisible: Object 'Object Repository/logIn/a_ close signin window' is visible

2018-02-09 14:29:24 - [MESSAGE][WARNING] - Timeout '0' is invalid. Using default page load timeout: '5'

2018-02-09 14:29:24 - [MESSAGE][PASSED] - Object 'Object Repository/logIn/a_ close signin window' is visible

2018-02-09 14:29:24 - [TEST_STEP][PASSED] - click: Object: 'Object Repository/logIn/a_ close signin window' is clicked on

2018-02-09 14:29:24 - [MESSAGE][PASSED] - Object: 'Object Repository/logIn/a_ close signin window' is clicked on

2018-02-09 14:29:24 - [TEST_STEP][PASSED] - autoKeywords.verifyLoginStatus.verifyLoggedOut: autoKeywords.verifyLoginStatus.verifyLoggedOut is PASSED

2018-02-09 14:29:24 - [MESSAGE][PASSED] - Text of object 'Object Repository/logIn/span_Sign In' is: 'Sign In'

2018-02-09 14:29:24 - [MESSAGE][PASSED] - Actual text 'Sign In' and expected text 'Sign In' are matched 

2018-02-09 14:29:24 - [MESSAGE][PASSED] - autoKeywords.verifyLoginStatus.verifyLoggedOut is PASSED]]></system-out>
         <system-err><![CDATA[]]></system-err>
      </testcase>
      <testcase name="Test Cases/006_login_fb_loggedin" classname="Test Cases/006_login_fb_loggedin" status="FAILED">
         <failure type="FAILED" message="Unable to get text of object 'Object Repository/logIn/span_signin_SignedIn Name' (Root cause: com.kms.katalon.core.webui.exception.WebElementNotFoundException: Web element with id: 'Object Repository/logIn/span_signin_SignedIn Name' located by 'By.xpath: //span[count(. | id(&quot;header-info-btn-container&quot;)/div[@class=&quot;grid-100 tablet-grid-100 mobile-grid-100 grid-parent&quot;]/div[@class=&quot;hide-on-mobile&quot;]/div[@class=&quot;signed header-btn user&quot;]/span[1]/span[@class=&quot;signin-button customise-signin-buttons&quot;]/span[@class=&quot;user-name&quot;]/span[1]) = count(id(&quot;header-info-btn-container&quot;)/div[@class=&quot;grid-100 tablet-grid-100 mobile-grid-100 grid-parent&quot;]/div[@class=&quot;hide-on-mobile&quot;]/div[@class=&quot;signed header-btn user&quot;]/span[1]/span[@class=&quot;signin-button customise-signin-buttons&quot;]/span[@class=&quot;user-name&quot;]/span[1])]' not found)"/>
         <system-out><![CDATA[2018-02-09 14:29:25 - [TEST_CASE][FAILED] - Test Cases/006_login_fb_loggedin: Test Cases/006_login_fb_loggedin FAILED because (of) Unable to get text of object 'Object Repository/logIn/span_signin_SignedIn Name' (Root cause: com.kms.katalon.core.webui.exception.WebElementNotFoundException: Web element with id: 'Object Repository/logIn/span_signin_SignedIn Name' located by 'By.xpath: //span[count(. | id("header-info-btn-container")/div[@class="grid-100 tablet-grid-100 mobile-grid-100 grid-parent"]/div[@class="hide-on-mobile"]/div[@class="signed header-btn user"]/span[1]/span[@class="signin-button customise-signin-buttons"]/span[@class="user-name"]/span[1]) = count(id("header-info-btn-container")/div[@class="grid-100 tablet-grid-100 mobile-grid-100 grid-parent"]/div[@class="hide-on-mobile"]/div[@class="signed header-btn user"]/span[1]/span[@class="signin-button customise-signin-buttons"]/span[@class="user-name"]/span[1])]' not found)

2018-02-09 14:29:25 - [TEST_STEP][PASSED] - openBrowser: Browser is opened with url: ''

2018-02-09 14:29:27 - [MESSAGE][PASSED] - Browser is opened with url: ''

2018-02-09 14:29:27 - [TEST_STEP][PASSED] - maximizeWindow: Current window maximized

2018-02-09 14:29:28 - [MESSAGE][PASSED] - Current window maximized

2018-02-09 14:29:28 - [TEST_STEP][PASSED] - navigateToUrl: Navigate to 'https://www.facebook.com/' successfully

2018-02-09 14:29:30 - [MESSAGE][PASSED] - Navigate to 'https://www.facebook.com/' successfully

2018-02-09 14:29:30 - [TEST_STEP][PASSED] - setText: Text 'kevin.ang@oddle.me' is set on object 'Object Repository/externalSites/fb_input_email'

2018-02-09 14:29:31 - [MESSAGE][PASSED] - Text 'kevin.ang@oddle.me' is set on object 'Object Repository/externalSites/fb_input_email'

2018-02-09 14:29:31 - [TEST_STEP][PASSED] - setText: Text 'puToNtaB_1' is set on object 'Object Repository/externalSites/fb_input_pass'

2018-02-09 14:29:31 - [MESSAGE][PASSED] - Text 'puToNtaB_1' is set on object 'Object Repository/externalSites/fb_input_pass'

2018-02-09 14:29:31 - [TEST_STEP][PASSED] - click: Object: 'Object Repository/externalSites/fb_input_login' is clicked on

2018-02-09 14:29:34 - [MESSAGE][PASSED] - Object: 'Object Repository/externalSites/fb_input_login' is clicked on

2018-02-09 14:29:34 - [TEST_STEP][PASSED] - delay: Delayed 3 second(s)

2018-02-09 14:29:37 - [MESSAGE][PASSED] - Delayed 3 second(s)

2018-02-09 14:29:37 - [TEST_STEP][PASSED] - navigateToUrl: Navigate to 'https://oddleautomate.beta.oddle.me/' successfully

2018-02-09 14:29:39 - [MESSAGE][PASSED] - Navigate to 'https://oddleautomate.beta.oddle.me/' successfully

2018-02-09 14:29:39 - [TEST_STEP][PASSED] - click: Object: 'Object Repository/logIn/span_Sign In' is clicked on

2018-02-09 14:29:39 - [MESSAGE][PASSED] - Object: 'Object Repository/logIn/span_Sign In' is clicked on

2018-02-09 14:29:39 - [TEST_STEP][PASSED] - waitForElementClickable: Object 'Object Repository/logIn/button_Facebook Connect' is clickable

2018-02-09 14:29:39 - [MESSAGE][WARNING] - Timeout '0' is invalid. Using default page load timeout: '5'

2018-02-09 14:29:39 - [MESSAGE][PASSED] - Object 'Object Repository/logIn/button_Facebook Connect' is clickable

2018-02-09 14:29:39 - [TEST_STEP][PASSED] - click: Object: 'Object Repository/logIn/button_Facebook Connect' is clicked on

2018-02-09 14:29:39 - [MESSAGE][PASSED] - Object: 'Object Repository/logIn/button_Facebook Connect' is clicked on

2018-02-09 14:29:39 - [TEST_STEP][FAILED] - autoKeywords.verifyLoginStatus.verifyLoggedIn: Unable to get text of object 'Object Repository/logIn/span_signin_SignedIn Name' (Root cause: com.kms.katalon.core.webui.exception.WebElementNotFoundException: Web element with id: 'Object Repository/logIn/span_signin_SignedIn Name' located by 'By.xpath: //span[count(. | id("header-info-btn-container")/div[@class="grid-100 tablet-grid-100 mobile-grid-100 grid-parent"]/div[@class="hide-on-mobile"]/div[@class="signed header-btn user"]/span[1]/span[@class="signin-button customise-signin-buttons"]/span[@class="user-name"]/span[1]) = count(id("header-info-btn-container")/div[@class="grid-100 tablet-grid-100 mobile-grid-100 grid-parent"]/div[@class="hide-on-mobile"]/div[@class="signed header-btn user"]/span[1]/span[@class="signin-button customise-signin-buttons"]/span[@class="user-name"]/span[1])]' not found)

2018-02-09 14:29:44 - [MESSAGE][FAILED] - Unable to get text of object 'Object Repository/logIn/span_signin_SignedIn Name' (Root cause: com.kms.katalon.core.webui.exception.WebElementNotFoundException: Web element with id: 'Object Repository/logIn/span_signin_SignedIn Name' located by 'By.xpath: //span[count(. | id("header-info-btn-container")/div[@class="grid-100 tablet-grid-100 mobile-grid-100 grid-parent"]/div[@class="hide-on-mobile"]/div[@class="signed header-btn user"]/span[1]/span[@class="signin-button customise-signin-buttons"]/span[@class="user-name"]/span[1]) = count(id("header-info-btn-container")/div[@class="grid-100 tablet-grid-100 mobile-grid-100 grid-parent"]/div[@class="hide-on-mobile"]/div[@class="signed header-btn user"]/span[1]/span[@class="signin-button customise-signin-buttons"]/span[@class="user-name"]/span[1])]' not found)
[[ATTACHMENT|C:\\Users\\Ang\\Katalon Studio\\oddle-automa-fesc-v3\\Reports\\login_logout\\20180209_142832\\1518157784679.png]]

2018-02-09 14:29:44 - [MESSAGE][FAILED] - Unable to get text of object 'Object Repository/logIn/span_signin_SignedIn Name' (Root cause: com.kms.katalon.core.webui.exception.WebElementNotFoundException: Web element with id: 'Object Repository/logIn/span_signin_SignedIn Name' located by 'By.xpath: //span[count(. | id("header-info-btn-container")/div[@class="grid-100 tablet-grid-100 mobile-grid-100 grid-parent"]/div[@class="hide-on-mobile"]/div[@class="signed header-btn user"]/span[1]/span[@class="signin-button customise-signin-buttons"]/span[@class="user-name"]/span[1]) = count(id("header-info-btn-container")/div[@class="grid-100 tablet-grid-100 mobile-grid-100 grid-parent"]/div[@class="hide-on-mobile"]/div[@class="signed header-btn user"]/span[1]/span[@class="signin-button customise-signin-buttons"]/span[@class="user-name"]/span[1])]' not found)]]></system-out>
         <system-err><![CDATA[2018-02-09 14:29:25 - [TEST_CASE][FAILED] - Test Cases/006_login_fb_loggedin: Test Cases/006_login_fb_loggedin FAILED because (of) Unable to get text of object 'Object Repository/logIn/span_signin_SignedIn Name' (Root cause: com.kms.katalon.core.webui.exception.WebElementNotFoundException: Web element with id: 'Object Repository/logIn/span_signin_SignedIn Name' located by 'By.xpath: //span[count(. | id("header-info-btn-container")/div[@class="grid-100 tablet-grid-100 mobile-grid-100 grid-parent"]/div[@class="hide-on-mobile"]/div[@class="signed header-btn user"]/span[1]/span[@class="signin-button customise-signin-buttons"]/span[@class="user-name"]/span[1]) = count(id("header-info-btn-container")/div[@class="grid-100 tablet-grid-100 mobile-grid-100 grid-parent"]/div[@class="hide-on-mobile"]/div[@class="signed header-btn user"]/span[1]/span[@class="signin-button customise-signin-buttons"]/span[@class="user-name"]/span[1])]' not found)]]></system-err>
      </testcase>
      <testcase name="Test Cases/007_login_fb_notloggedin" classname="Test Cases/007_login_fb_notloggedin" status="PASSED">
         <system-out><![CDATA[2018-02-09 14:29:45 - [TEST_CASE][PASSED] - Test Cases/007_login_fb_notloggedin: Test Cases/007_login_fb_notloggedin

2018-02-09 14:29:45 - [TEST_STEP][PASSED] - autoKeywords.goToHomepageMax.goToHomepage: autoKeywords.goToHomepageMax.goToHomepage is PASSED

2018-02-09 14:29:47 - [MESSAGE][PASSED] - Browser is opened with url: ''

2018-02-09 14:29:49 - [MESSAGE][PASSED] - Current window maximized

2018-02-09 14:29:50 - [MESSAGE][PASSED] - Navigate to 'https://oddleautomate.beta.oddle.me/' successfully

2018-02-09 14:29:50 - [MESSAGE][PASSED] - autoKeywords.goToHomepageMax.goToHomepage is PASSED

2018-02-09 14:29:50 - [TEST_STEP][PASSED] - click: Object: 'Object Repository/logIn/span_Sign In' is clicked on

2018-02-09 14:29:51 - [MESSAGE][PASSED] - Object: 'Object Repository/logIn/span_Sign In' is clicked on

2018-02-09 14:29:51 - [TEST_STEP][PASSED] - waitForElementClickable: Object 'Object Repository/logIn/button_Facebook Connect' is clickable

2018-02-09 14:29:51 - [MESSAGE][WARNING] - Timeout '0' is invalid. Using default page load timeout: '5'

2018-02-09 14:29:51 - [MESSAGE][PASSED] - Object 'Object Repository/logIn/button_Facebook Connect' is clickable

2018-02-09 14:29:51 - [TEST_STEP][PASSED] - click: Object: 'Object Repository/logIn/button_Facebook Connect' is clicked on

2018-02-09 14:29:51 - [MESSAGE][PASSED] - Object: 'Object Repository/logIn/button_Facebook Connect' is clicked on

2018-02-09 14:29:51 - [TEST_STEP][PASSED] - switchToWindowTitle: Switched to window with title: 'Facebook'

2018-02-09 14:29:52 - [MESSAGE][PASSED] - Switched to window with title: 'Facebook'

2018-02-09 14:29:52 - [TEST_STEP][PASSED] - setText: Text 'kevin.ang@oddle.me' is set on object 'Object Repository/externalSites/input_email_fbwindow'

2018-02-09 14:29:52 - [MESSAGE][PASSED] - Text 'kevin.ang@oddle.me' is set on object 'Object Repository/externalSites/input_email_fbwindow'

2018-02-09 14:29:52 - [TEST_STEP][PASSED] - setText: Text 'puToNtaB_1' is set on object 'Object Repository/externalSites/input_pass_fbwindow'

2018-02-09 14:29:52 - [MESSAGE][PASSED] - Text 'puToNtaB_1' is set on object 'Object Repository/externalSites/input_pass_fbwindow'

2018-02-09 14:29:52 - [TEST_STEP][PASSED] - click: Object: 'Object Repository/externalSites/label_loginbutton_fbwindow' is clicked on

2018-02-09 14:29:53 - [MESSAGE][PASSED] - Object: 'Object Repository/externalSites/label_loginbutton_fbwindow' is clicked on

2018-02-09 14:29:53 - [TEST_STEP][PASSED] - delay: Delayed 3 second(s)

2018-02-09 14:29:56 - [MESSAGE][PASSED] - Delayed 3 second(s)

2018-02-09 14:29:56 - [TEST_STEP][PASSED] - switchToDefaultContent: Switching to default content

2018-02-09 14:29:57 - [TEST_STEP][PASSED] - autoKeywords.verifyLoginStatus.verifyLoggedIn: autoKeywords.verifyLoginStatus.verifyLoggedIn is PASSED

2018-02-09 14:29:57 - [MESSAGE][PASSED] - Text of object 'Object Repository/logIn/span_signin_SignedIn Name' is: 'kevin test'

2018-02-09 14:29:57 - [MESSAGE][PASSED] - Actual text 'kevin test' and expected text 'kevin test' are matched 

2018-02-09 14:29:57 - [MESSAGE][PASSED] - autoKeywords.verifyLoginStatus.verifyLoggedIn is PASSED]]></system-out>
         <system-err><![CDATA[]]></system-err>
      </testcase>
      <testcase name="Test Cases/008_login_fb_wrongpw" classname="Test Cases/008_login_fb_wrongpw" status="PASSED">
         <system-out><![CDATA[2018-02-09 14:29:58 - [TEST_CASE][PASSED] - Test Cases/008_login_fb_wrongpw: Test Cases/008_login_fb_wrongpw

2018-02-09 14:29:58 - [TEST_STEP][PASSED] - autoKeywords.goToHomepageMax.goToHomepage: autoKeywords.goToHomepageMax.goToHomepage is PASSED

2018-02-09 14:30:00 - [MESSAGE][PASSED] - Browser is opened with url: ''

2018-02-09 14:30:01 - [MESSAGE][PASSED] - Current window maximized

2018-02-09 14:30:03 - [MESSAGE][PASSED] - Navigate to 'https://oddleautomate.beta.oddle.me/' successfully

2018-02-09 14:30:03 - [MESSAGE][PASSED] - autoKeywords.goToHomepageMax.goToHomepage is PASSED

2018-02-09 14:30:03 - [TEST_STEP][PASSED] - click: Object: 'Object Repository/logIn/span_Sign In' is clicked on

2018-02-09 14:30:04 - [MESSAGE][PASSED] - Object: 'Object Repository/logIn/span_Sign In' is clicked on

2018-02-09 14:30:04 - [TEST_STEP][PASSED] - waitForElementClickable: Object 'Object Repository/logIn/button_Facebook Connect' is clickable

2018-02-09 14:30:04 - [MESSAGE][WARNING] - Timeout '0' is invalid. Using default page load timeout: '5'

2018-02-09 14:30:04 - [MESSAGE][PASSED] - Object 'Object Repository/logIn/button_Facebook Connect' is clickable

2018-02-09 14:30:04 - [TEST_STEP][PASSED] - click: Object: 'Object Repository/logIn/button_Facebook Connect' is clicked on

2018-02-09 14:30:04 - [MESSAGE][PASSED] - Object: 'Object Repository/logIn/button_Facebook Connect' is clicked on

2018-02-09 14:30:04 - [TEST_STEP][PASSED] - switchToWindowTitle: Switched to window with title: 'Facebook'

2018-02-09 14:30:05 - [MESSAGE][PASSED] - Switched to window with title: 'Facebook'

2018-02-09 14:30:05 - [TEST_STEP][PASSED] - setText: Text 'kevin.ang@oddle.me' is set on object 'Object Repository/externalSites/input_email_fbwindow'

2018-02-09 14:30:05 - [MESSAGE][PASSED] - Text 'kevin.ang@oddle.me' is set on object 'Object Repository/externalSites/input_email_fbwindow'

2018-02-09 14:30:05 - [TEST_STEP][PASSED] - setText: Text 'wrongpassword' is set on object 'Object Repository/externalSites/input_pass_fbwindow'

2018-02-09 14:30:06 - [MESSAGE][PASSED] - Text 'wrongpassword' is set on object 'Object Repository/externalSites/input_pass_fbwindow'

2018-02-09 14:30:06 - [TEST_STEP][PASSED] - click: Object: 'Object Repository/externalSites/label_loginbutton_fbwindow' is clicked on

2018-02-09 14:30:07 - [MESSAGE][PASSED] - Object: 'Object Repository/externalSites/label_loginbutton_fbwindow' is clicked on

2018-02-09 14:30:07 - [TEST_STEP][PASSED] - delay: Delayed 1 second(s)

2018-02-09 14:30:08 - [MESSAGE][PASSED] - Delayed 1 second(s)

2018-02-09 14:30:08 - [TEST_STEP][PASSED] - verifyElementPresent: Object 'Object Repository/externalSites/div_error_box_fbwindow' is present

2018-02-09 14:30:08 - [MESSAGE][WARNING] - Timeout '0' is invalid. Using default page load timeout: '5'

2018-02-09 14:30:08 - [MESSAGE][PASSED] - Object 'Object Repository/externalSites/div_error_box_fbwindow' is present

2018-02-09 14:30:08 - [TEST_STEP][PASSED] - closeWindowTitle: Window with title: 'Facebook' is closed

2018-02-09 14:30:08 - [MESSAGE][PASSED] - Window with title: 'Facebook' is closed

2018-02-09 14:30:08 - [TEST_STEP][PASSED] - switchToDefaultContent: Switching to default content

2018-02-09 14:30:09 - [TEST_STEP][PASSED] - click: Object: 'Object Repository/logIn/a_ close signin window' is clicked on

2018-02-09 14:30:09 - [MESSAGE][PASSED] - Object: 'Object Repository/logIn/a_ close signin window' is clicked on

2018-02-09 14:30:09 - [TEST_STEP][PASSED] - autoKeywords.verifyLoginStatus.verifyLoggedOut: autoKeywords.verifyLoginStatus.verifyLoggedOut is PASSED

2018-02-09 14:30:09 - [MESSAGE][PASSED] - Text of object 'Object Repository/logIn/span_Sign In' is: 'Sign In'

2018-02-09 14:30:09 - [MESSAGE][PASSED] - Actual text 'Sign In' and expected text 'Sign In' are matched 

2018-02-09 14:30:09 - [MESSAGE][PASSED] - autoKeywords.verifyLoginStatus.verifyLoggedOut is PASSED]]></system-out>
         <system-err><![CDATA[]]></system-err>
      </testcase>
      <testcase name="Test Cases/009_logout" classname="Test Cases/009_logout" status="PASSED">
         <system-out><![CDATA[2018-02-09 14:30:10 - [TEST_CASE][PASSED] - Test Cases/009_logout: Test Cases/009_logout

2018-02-09 14:30:10 - [TEST_STEP][PASSED] - callTestCase: Call Test Case 'Test Cases/001_login_email_successful' successfully

2018-02-09 14:30:10 - [TEST_CASE][PASSED] - Test Cases/001_login_email_successful: Test Cases/001_login_email_successful

2018-02-09 14:30:10 - [TEST_STEP][PASSED] - autoKeywords.goToHomepageMax.goToHomepage: autoKeywords.goToHomepageMax.goToHomepage is PASSED

2018-02-09 14:30:12 - [MESSAGE][PASSED] - Browser is opened with url: ''

2018-02-09 14:30:13 - [MESSAGE][PASSED] - Current window maximized

2018-02-09 14:30:15 - [MESSAGE][PASSED] - Navigate to 'https://oddleautomate.beta.oddle.me/' successfully

2018-02-09 14:30:15 - [MESSAGE][PASSED] - autoKeywords.goToHomepageMax.goToHomepage is PASSED

2018-02-09 14:30:15 - [TEST_STEP][PASSED] - click: Object: 'Object Repository/logIn/span_Sign In' is clicked on

2018-02-09 14:30:15 - [MESSAGE][PASSED] - Object: 'Object Repository/logIn/span_Sign In' is clicked on

2018-02-09 14:30:15 - [TEST_STEP][PASSED] - setText: Text 'kevin.ang+auto@oddle.me' is set on object 'Object Repository/logIn/input_email'

2018-02-09 14:30:16 - [MESSAGE][PASSED] - Text 'kevin.ang+auto@oddle.me' is set on object 'Object Repository/logIn/input_email'

2018-02-09 14:30:16 - [TEST_STEP][PASSED] - setText: Text 'password' is set on object 'Object Repository/logIn/input_password'

2018-02-09 14:30:16 - [MESSAGE][PASSED] - Text 'password' is set on object 'Object Repository/logIn/input_password'

2018-02-09 14:30:16 - [TEST_STEP][PASSED] - click: Object: 'Object Repository/logIn/button_signin-flow-Sign In' is clicked on

2018-02-09 14:30:16 - [MESSAGE][PASSED] - Object: 'Object Repository/logIn/button_signin-flow-Sign In' is clicked on

2018-02-09 14:30:16 - [TEST_STEP][PASSED] - click: Object: 'Object Repository/logIn/button_signin-flow-Save' is clicked on

2018-02-09 14:30:16 - [MESSAGE][PASSED] - Object: 'Object Repository/logIn/button_signin-flow-Save' is clicked on

2018-02-09 14:30:16 - [TEST_STEP][PASSED] - waitForElementVisible: Object 'Object Repository/logIn/button_ Continue Shopping' is visible

2018-02-09 14:30:16 - [MESSAGE][WARNING] - Timeout '0' is invalid. Using default page load timeout: '5'

2018-02-09 14:30:17 - [MESSAGE][PASSED] - Object 'Object Repository/logIn/button_ Continue Shopping' is visible

2018-02-09 14:30:17 - [TEST_STEP][PASSED] - click: Object: 'Object Repository/logIn/button_ Continue Shopping' is clicked on

2018-02-09 14:30:17 - [MESSAGE][PASSED] - Object: 'Object Repository/logIn/button_ Continue Shopping' is clicked on

2018-02-09 14:30:17 - [TEST_STEP][PASSED] - autoKeywords.verifyLoginStatus.verifyLoggedIn: autoKeywords.verifyLoginStatus.verifyLoggedIn is PASSED

2018-02-09 14:30:17 - [MESSAGE][PASSED] - Text of object 'Object Repository/logIn/span_signin_SignedIn Name' is: 'kevin test'

2018-02-09 14:30:17 - [MESSAGE][PASSED] - Actual text 'kevin test' and expected text 'kevin test' are matched 

2018-02-09 14:30:17 - [MESSAGE][PASSED] - autoKeywords.verifyLoginStatus.verifyLoggedIn is PASSED

2018-02-09 14:30:17 - [MESSAGE][PASSED] - Call Test Case 'Test Cases/001_login_email_successful' successfully

2018-02-09 14:30:17 - [TEST_STEP][PASSED] - click: Object: 'Object Repository/logIn/span_ns-close Notification' is clicked on

2018-02-09 14:30:17 - [MESSAGE][PASSED] - Object: 'Object Repository/logIn/span_ns-close Notification' is clicked on

2018-02-09 14:30:17 - [TEST_STEP][PASSED] - mouseOver: Object: 'Object Repository/accountSettings/div_signed header-btn user Hover On' is hovered

2018-02-09 14:30:17 - [MESSAGE][PASSED] - Object: 'Object Repository/accountSettings/div_signed header-btn user Hover On' is hovered

2018-02-09 14:30:17 - [TEST_STEP][PASSED] - waitForElementVisible: Object 'Object Repository/accountSettings/li_Sign Out' is visible

2018-02-09 14:30:17 - [MESSAGE][WARNING] - Timeout '0' is invalid. Using default page load timeout: '5'

2018-02-09 14:30:17 - [MESSAGE][PASSED] - Object 'Object Repository/accountSettings/li_Sign Out' is visible

2018-02-09 14:30:17 - [TEST_STEP][PASSED] - click: Object: 'Object Repository/accountSettings/li_Sign Out' is clicked on

2018-02-09 14:30:17 - [MESSAGE][PASSED] - Object: 'Object Repository/accountSettings/li_Sign Out' is clicked on

2018-02-09 14:30:17 - [TEST_STEP][PASSED] - delay: Delayed 1 second(s)

2018-02-09 14:30:18 - [MESSAGE][PASSED] - Delayed 1 second(s)

2018-02-09 14:30:18 - [TEST_STEP][PASSED] - autoKeywords.verifyLoginStatus.verifyLoggedOut: autoKeywords.verifyLoginStatus.verifyLoggedOut is PASSED

2018-02-09 14:30:18 - [MESSAGE][PASSED] - Text of object 'Object Repository/logIn/span_Sign In' is: 'Sign In'

2018-02-09 14:30:18 - [MESSAGE][PASSED] - Actual text 'Sign In' and expected text 'Sign In' are matched 

2018-02-09 14:30:18 - [MESSAGE][PASSED] - autoKeywords.verifyLoginStatus.verifyLoggedOut is PASSED]]></system-out>
         <system-err><![CDATA[]]></system-err>
      </testcase>
      <system-out><![CDATA[2018-02-09 14:28:39 - [TEST_SUITE][FAILED] - login_logout: Test Cases/006_login_fb_loggedin FAILED because (of) Unable to get text of object 'Object Repository/logIn/span_signin_SignedIn Name' (Root cause: com.kms.katalon.core.webui.exception.WebElementNotFoundException: Web element with id: 'Object Repository/logIn/span_signin_SignedIn Name' located by 'By.xpath: //span[count(. | id("header-info-btn-container")/div[@class="grid-100 tablet-grid-100 mobile-grid-100 grid-parent"]/div[@class="hide-on-mobile"]/div[@class="signed header-btn user"]/span[1]/span[@class="signin-button customise-signin-buttons"]/span[@class="user-name"]/span[1]) = count(id("header-info-btn-container")/div[@class="grid-100 tablet-grid-100 mobile-grid-100 grid-parent"]/div[@class="hide-on-mobile"]/div[@class="signed header-btn user"]/span[1]/span[@class="signin-button customise-signin-buttons"]/span[@class="user-name"]/span[1])]' not found)]]></system-out>
      <system-err><![CDATA[2018-02-09 14:28:39 - [TEST_SUITE][FAILED] - login_logout: Test Cases/006_login_fb_loggedin FAILED because (of) Unable to get text of object 'Object Repository/logIn/span_signin_SignedIn Name' (Root cause: com.kms.katalon.core.webui.exception.WebElementNotFoundException: Web element with id: 'Object Repository/logIn/span_signin_SignedIn Name' located by 'By.xpath: //span[count(. | id("header-info-btn-container")/div[@class="grid-100 tablet-grid-100 mobile-grid-100 grid-parent"]/div[@class="hide-on-mobile"]/div[@class="signed header-btn user"]/span[1]/span[@class="signin-button customise-signin-buttons"]/span[@class="user-name"]/span[1]) = count(id("header-info-btn-container")/div[@class="grid-100 tablet-grid-100 mobile-grid-100 grid-parent"]/div[@class="hide-on-mobile"]/div[@class="signed header-btn user"]/span[1]/span[@class="signin-button customise-signin-buttons"]/span[@class="user-name"]/span[1])]' not found)]]></system-err>
   </testsuite>
</testsuites>
