<?xml version="1.0" encoding="UTF-8"?>
<testsuites name="login_logout" time="94" tests="7" failures="2" errors="0">
   <testsuite name="login_logout" tests="7" failures="2" errors="0" time="94" timestamp="2018-02-08 16:58:25" hostname="Ang - DESKTOP-JMN7MR3" id="Test Suites/login_logout">
      <properties>
         <property name="deviceName" value=""/>
         <property name="devicePlatform" value=""/>
         <property name="logFolder" value="C:\\Users\\Ang\\Katalon Studio\\oddle-automa-fesc-v3\\Reports\\login_logout\\20180208_165818"/>
         <property name="logFiles" value="C:\\Users\\Ang\\Katalon Studio\\oddle-automa-fesc-v3\\Reports\\login_logout\\20180208_165818\\execution0.log"/>
         <property name="attachments" value="C:\\Users\\Ang\\Katalon Studio\\oddle-automa-fesc-v3\\Reports\\login_logout\\20180208_165818\\1518080377294.png, C:\\Users\\Ang\\Katalon Studio\\oddle-automa-fesc-v3\\Reports\\login_logout\\20180208_165818\\1518080377609.png, C:\\Users\\Ang\\Katalon Studio\\oddle-automa-fesc-v3\\Reports\\login_logout\\20180208_165818\\1518080389935.png, C:\\Users\\Ang\\Katalon Studio\\oddle-automa-fesc-v3\\Reports\\login_logout\\20180208_165818\\1518080390230.png"/>
         <property name="hostName" value="Ang - DESKTOP-JMN7MR3"/>
         <property name="os" value="Windows 10 64bit"/>
         <property name="katalonVersion" value="5.2.0.1"/>
         <property name="browser" value="Chrome 63.0.3239.132"/>
         <property name="hostAddress" value="192.168.126.1"/>
         <property name="sessionId" value="9a4491167f115505ae4119a8d7d218f8"/>
         <property name="seleniumVersion" value="3.7.1"/>
         <property name="proxyInformation" value="ProxyInformation{proxyOption=NO_PROXY, proxyServerType=HTTP, password=, proxyServerAddress=, proxyServerPort=0}"/>
         <property name="platform" value="Windows 10"/>
      </properties>
      <testcase name="Test Cases/001_login_email_successful" classname="Test Cases/001_login_email_successful" status="PASSED">
         <system-out><![CDATA[2018-02-08 16:58:26 - [TEST_CASE][PASSED] - Test Cases/001_login_email_successful: Test Cases/001_login_email_successful

2018-02-08 16:58:26 - [TEST_STEP][PASSED] - autoKeywords.goToHomepageMax.goToHomepage: autoKeywords.goToHomepageMax.goToHomepage is PASSED

2018-02-08 16:58:30 - [MESSAGE][PASSED] - Browser is opened with url: ''

2018-02-08 16:58:31 - [MESSAGE][PASSED] - Current window maximized

2018-02-08 16:58:33 - [MESSAGE][PASSED] - Navigate to 'https://oddleautomate.beta.oddle.me/' successfully

2018-02-08 16:58:33 - [MESSAGE][PASSED] - autoKeywords.goToHomepageMax.goToHomepage is PASSED

2018-02-08 16:58:33 - [TEST_STEP][PASSED] - click: Object: 'Object Repository/logIn/span_Sign In' is clicked on

2018-02-08 16:58:34 - [MESSAGE][PASSED] - Object: 'Object Repository/logIn/span_Sign In' is clicked on

2018-02-08 16:58:34 - [TEST_STEP][PASSED] - setText: Text 'kevin.ang+auto@oddle.me' is set on object 'Object Repository/logIn/input_email'

2018-02-08 16:58:34 - [MESSAGE][PASSED] - Text 'kevin.ang+auto@oddle.me' is set on object 'Object Repository/logIn/input_email'

2018-02-08 16:58:34 - [TEST_STEP][PASSED] - setText: Text 'password' is set on object 'Object Repository/logIn/input_password'

2018-02-08 16:58:34 - [MESSAGE][PASSED] - Text 'password' is set on object 'Object Repository/logIn/input_password'

2018-02-08 16:58:34 - [TEST_STEP][PASSED] - click: Object: 'Object Repository/logIn/button_signin-flow-Sign In' is clicked on

2018-02-08 16:58:35 - [MESSAGE][PASSED] - Object: 'Object Repository/logIn/button_signin-flow-Sign In' is clicked on

2018-02-08 16:58:35 - [TEST_STEP][PASSED] - click: Object: 'Object Repository/logIn/button_signin-flow-Save' is clicked on

2018-02-08 16:58:35 - [MESSAGE][PASSED] - Object: 'Object Repository/logIn/button_signin-flow-Save' is clicked on

2018-02-08 16:58:35 - [TEST_STEP][PASSED] - waitForElementVisible: Object 'Object Repository/logIn/button_ Continue Shopping' is visible

2018-02-08 16:58:35 - [MESSAGE][WARNING] - Timeout '0' is invalid. Using default page load timeout: '5'

2018-02-08 16:58:35 - [MESSAGE][PASSED] - Object 'Object Repository/logIn/button_ Continue Shopping' is visible

2018-02-08 16:58:35 - [TEST_STEP][PASSED] - click: Object: 'Object Repository/logIn/button_ Continue Shopping' is clicked on

2018-02-08 16:58:35 - [MESSAGE][PASSED] - Object: 'Object Repository/logIn/button_ Continue Shopping' is clicked on

2018-02-08 16:58:35 - [TEST_STEP][PASSED] - autoKeywords.verifyLoginStatus.verifyLoggedIn: autoKeywords.verifyLoginStatus.verifyLoggedIn is PASSED

2018-02-08 16:58:36 - [MESSAGE][PASSED] - Text of object 'Object Repository/logIn/span_signin_SignedIn Name' is: 'kevin test'

2018-02-08 16:58:36 - [MESSAGE][PASSED] - Actual text 'kevin test' and expected text 'kevin test' are matched 

2018-02-08 16:58:36 - [MESSAGE][PASSED] - autoKeywords.verifyLoginStatus.verifyLoggedIn is PASSED]]></system-out>
         <system-err><![CDATA[]]></system-err>
      </testcase>
      <testcase name="Test Cases/002_login_email_wrongpw" classname="Test Cases/002_login_email_wrongpw" status="PASSED">
         <system-out><![CDATA[2018-02-08 16:58:36 - [TEST_CASE][PASSED] - Test Cases/002_login_email_wrongpw: Test Cases/002_login_email_wrongpw

2018-02-08 16:58:37 - [TEST_STEP][PASSED] - autoKeywords.goToHomepageMax.goToHomepage: autoKeywords.goToHomepageMax.goToHomepage is PASSED

2018-02-08 16:58:38 - [MESSAGE][PASSED] - Browser is opened with url: ''

2018-02-08 16:58:40 - [MESSAGE][PASSED] - Current window maximized

2018-02-08 16:58:46 - [MESSAGE][PASSED] - Navigate to 'https://oddleautomate.beta.oddle.me/' successfully

2018-02-08 16:58:46 - [MESSAGE][PASSED] - autoKeywords.goToHomepageMax.goToHomepage is PASSED

2018-02-08 16:58:46 - [TEST_STEP][PASSED] - click: Object: 'Object Repository/logIn/span_Sign In' is clicked on

2018-02-08 16:58:46 - [MESSAGE][PASSED] - Object: 'Object Repository/logIn/span_Sign In' is clicked on

2018-02-08 16:58:46 - [TEST_STEP][PASSED] - verifyElementVisible: Object 'Object Repository/logIn/div_grid-parent signin window' is visible

2018-02-08 16:58:46 - [MESSAGE][PASSED] - Object 'Object Repository/logIn/div_grid-parent signin window' is visible

2018-02-08 16:58:46 - [TEST_STEP][PASSED] - setText: Text 'kevin.ang+auto@oddle.me' is set on object 'Object Repository/logIn/input_email'

2018-02-08 16:58:47 - [MESSAGE][PASSED] - Text 'kevin.ang+auto@oddle.me' is set on object 'Object Repository/logIn/input_email'

2018-02-08 16:58:47 - [TEST_STEP][PASSED] - setText: Text 'wrongpassword' is set on object 'Object Repository/logIn/input_password'

2018-02-08 16:58:47 - [MESSAGE][PASSED] - Text 'wrongpassword' is set on object 'Object Repository/logIn/input_password'

2018-02-08 16:58:47 - [TEST_STEP][PASSED] - click: Object: 'Object Repository/logIn/button_signin-flow-Sign In' is clicked on

2018-02-08 16:58:47 - [MESSAGE][PASSED] - Object: 'Object Repository/logIn/button_signin-flow-Sign In' is clicked on

2018-02-08 16:58:47 - [TEST_STEP][PASSED] - verifyElementVisible: Object 'Object Repository/logIn/div_grid-parent signin window' is visible

2018-02-08 16:58:47 - [MESSAGE][PASSED] - Object 'Object Repository/logIn/div_grid-parent signin window' is visible

2018-02-08 16:58:47 - [TEST_STEP][PASSED] - waitForElementVisible: Object 'Object Repository/logIn/a_ close signin window' is visible

2018-02-08 16:58:47 - [MESSAGE][WARNING] - Timeout '0' is invalid. Using default page load timeout: '5'

2018-02-08 16:58:47 - [MESSAGE][PASSED] - Object 'Object Repository/logIn/a_ close signin window' is visible

2018-02-08 16:58:47 - [TEST_STEP][PASSED] - click: Object: 'Object Repository/logIn/a_ close signin window' is clicked on

2018-02-08 16:58:47 - [MESSAGE][PASSED] - Object: 'Object Repository/logIn/a_ close signin window' is clicked on

2018-02-08 16:58:47 - [TEST_STEP][PASSED] - autoKeywords.verifyLoginStatus.verifyLoggedOut: autoKeywords.verifyLoginStatus.verifyLoggedOut is PASSED

2018-02-08 16:58:48 - [MESSAGE][PASSED] - Text of object 'Object Repository/logIn/span_Sign In' is: 'Sign In'

2018-02-08 16:58:48 - [MESSAGE][PASSED] - Actual text 'Sign In' and expected text 'Sign In' are matched 

2018-02-08 16:58:48 - [MESSAGE][PASSED] - autoKeywords.verifyLoginStatus.verifyLoggedOut is PASSED]]></system-out>
         <system-err><![CDATA[]]></system-err>
      </testcase>
      <testcase name="Test Cases/003_login_email_wrongpwformat" classname="Test Cases/003_login_email_wrongpwformat" status="PASSED">
         <system-out><![CDATA[2018-02-08 16:58:48 - [TEST_CASE][PASSED] - Test Cases/003_login_email_wrongpwformat: Test Cases/003_login_email_wrongpwformat

2018-02-08 16:58:48 - [TEST_STEP][PASSED] - autoKeywords.goToHomepageMax.goToHomepage: autoKeywords.goToHomepageMax.goToHomepage is PASSED

2018-02-08 16:58:50 - [MESSAGE][PASSED] - Browser is opened with url: ''

2018-02-08 16:58:52 - [MESSAGE][PASSED] - Current window maximized

2018-02-08 16:58:53 - [MESSAGE][PASSED] - Navigate to 'https://oddleautomate.beta.oddle.me/' successfully

2018-02-08 16:58:53 - [MESSAGE][PASSED] - autoKeywords.goToHomepageMax.goToHomepage is PASSED

2018-02-08 16:58:53 - [TEST_STEP][PASSED] - click: Object: 'Object Repository/logIn/span_Sign In' is clicked on

2018-02-08 16:58:54 - [MESSAGE][PASSED] - Object: 'Object Repository/logIn/span_Sign In' is clicked on

2018-02-08 16:58:54 - [TEST_STEP][PASSED] - verifyElementVisible: Object 'Object Repository/logIn/div_grid-parent signin window' is visible

2018-02-08 16:58:54 - [MESSAGE][PASSED] - Object 'Object Repository/logIn/div_grid-parent signin window' is visible

2018-02-08 16:58:54 - [TEST_STEP][PASSED] - setText: Text 'kevin.ang+auto@oddle.me' is set on object 'Object Repository/logIn/input_email'

2018-02-08 16:58:54 - [MESSAGE][PASSED] - Text 'kevin.ang+auto@oddle.me' is set on object 'Object Repository/logIn/input_email'

2018-02-08 16:58:54 - [TEST_STEP][PASSED] - setText: Text 'wrongft' is set on object 'Object Repository/logIn/input_password'

2018-02-08 16:58:54 - [MESSAGE][PASSED] - Text 'wrongft' is set on object 'Object Repository/logIn/input_password'

2018-02-08 16:58:54 - [TEST_STEP][PASSED] - click: Object: 'Object Repository/logIn/button_signin-flow-Sign In' is clicked on

2018-02-08 16:58:54 - [MESSAGE][PASSED] - Object: 'Object Repository/logIn/button_signin-flow-Sign In' is clicked on

2018-02-08 16:58:54 - [TEST_STEP][PASSED] - verifyElementVisible: Object 'Object Repository/logIn/div_grid-parent signin window' is visible

2018-02-08 16:58:55 - [MESSAGE][PASSED] - Object 'Object Repository/logIn/div_grid-parent signin window' is visible

2018-02-08 16:58:55 - [TEST_STEP][PASSED] - waitForElementVisible: Object 'Object Repository/logIn/a_ close signin window' is visible

2018-02-08 16:58:55 - [MESSAGE][WARNING] - Timeout '0' is invalid. Using default page load timeout: '5'

2018-02-08 16:58:55 - [MESSAGE][PASSED] - Object 'Object Repository/logIn/a_ close signin window' is visible

2018-02-08 16:58:55 - [TEST_STEP][PASSED] - click: Object: 'Object Repository/logIn/a_ close signin window' is clicked on

2018-02-08 16:58:55 - [MESSAGE][PASSED] - Object: 'Object Repository/logIn/a_ close signin window' is clicked on

2018-02-08 16:58:55 - [TEST_STEP][PASSED] - autoKeywords.verifyLoginStatus.verifyLoggedOut: autoKeywords.verifyLoginStatus.verifyLoggedOut is PASSED

2018-02-08 16:58:55 - [MESSAGE][PASSED] - Text of object 'Object Repository/logIn/span_Sign In' is: 'Sign In'

2018-02-08 16:58:55 - [MESSAGE][PASSED] - Actual text 'Sign In' and expected text 'Sign In' are matched 

2018-02-08 16:58:55 - [MESSAGE][PASSED] - autoKeywords.verifyLoginStatus.verifyLoggedOut is PASSED]]></system-out>
         <system-err><![CDATA[]]></system-err>
      </testcase>
      <testcase name="Test Cases/004_login_email_wrongemail" classname="Test Cases/004_login_email_wrongemail" status="PASSED">
         <system-out><![CDATA[2018-02-08 16:58:56 - [TEST_CASE][PASSED] - Test Cases/004_login_email_wrongemail: Test Cases/004_login_email_wrongemail

2018-02-08 16:58:56 - [TEST_STEP][PASSED] - autoKeywords.goToHomepageMax.goToHomepage: autoKeywords.goToHomepageMax.goToHomepage is PASSED

2018-02-08 16:58:58 - [MESSAGE][PASSED] - Browser is opened with url: ''

2018-02-08 16:58:59 - [MESSAGE][PASSED] - Current window maximized

2018-02-08 16:59:01 - [MESSAGE][PASSED] - Navigate to 'https://oddleautomate.beta.oddle.me/' successfully

2018-02-08 16:59:01 - [MESSAGE][PASSED] - autoKeywords.goToHomepageMax.goToHomepage is PASSED

2018-02-08 16:59:01 - [TEST_STEP][PASSED] - click: Object: 'Object Repository/logIn/span_Sign In' is clicked on

2018-02-08 16:59:01 - [MESSAGE][PASSED] - Object: 'Object Repository/logIn/span_Sign In' is clicked on

2018-02-08 16:59:01 - [TEST_STEP][PASSED] - verifyElementVisible: Object 'Object Repository/logIn/div_grid-parent signin window' is visible

2018-02-08 16:59:01 - [MESSAGE][PASSED] - Object 'Object Repository/logIn/div_grid-parent signin window' is visible

2018-02-08 16:59:01 - [TEST_STEP][PASSED] - setText: Text 'unusedemail@changethis.ifused' is set on object 'Object Repository/logIn/input_email'

2018-02-08 16:59:01 - [MESSAGE][PASSED] - Text 'unusedemail@changethis.ifused' is set on object 'Object Repository/logIn/input_email'

2018-02-08 16:59:01 - [TEST_STEP][PASSED] - setText: Text 'password' is set on object 'Object Repository/logIn/input_password'

2018-02-08 16:59:02 - [MESSAGE][PASSED] - Text 'password' is set on object 'Object Repository/logIn/input_password'

2018-02-08 16:59:02 - [TEST_STEP][PASSED] - click: Object: 'Object Repository/logIn/button_signin-flow-Sign In' is clicked on

2018-02-08 16:59:02 - [MESSAGE][PASSED] - Object: 'Object Repository/logIn/button_signin-flow-Sign In' is clicked on

2018-02-08 16:59:02 - [TEST_STEP][PASSED] - verifyElementVisible: Object 'Object Repository/logIn/div_grid-parent signin window' is visible

2018-02-08 16:59:02 - [MESSAGE][PASSED] - Object 'Object Repository/logIn/div_grid-parent signin window' is visible

2018-02-08 16:59:02 - [TEST_STEP][PASSED] - waitForElementVisible: Object 'Object Repository/logIn/a_ close signin window' is visible

2018-02-08 16:59:02 - [MESSAGE][WARNING] - Timeout '0' is invalid. Using default page load timeout: '5'

2018-02-08 16:59:02 - [MESSAGE][PASSED] - Object 'Object Repository/logIn/a_ close signin window' is visible

2018-02-08 16:59:02 - [TEST_STEP][PASSED] - click: Object: 'Object Repository/logIn/a_ close signin window' is clicked on

2018-02-08 16:59:02 - [MESSAGE][PASSED] - Object: 'Object Repository/logIn/a_ close signin window' is clicked on

2018-02-08 16:59:02 - [TEST_STEP][PASSED] - autoKeywords.verifyLoginStatus.verifyLoggedOut: autoKeywords.verifyLoginStatus.verifyLoggedOut is PASSED

2018-02-08 16:59:02 - [MESSAGE][PASSED] - Text of object 'Object Repository/logIn/span_Sign In' is: 'Sign In'

2018-02-08 16:59:02 - [MESSAGE][PASSED] - Actual text 'Sign In' and expected text 'Sign In' are matched 

2018-02-08 16:59:02 - [MESSAGE][PASSED] - autoKeywords.verifyLoginStatus.verifyLoggedOut is PASSED]]></system-out>
         <system-err><![CDATA[]]></system-err>
      </testcase>
      <testcase name="Test Cases/005_login_email_wrongemailformat" classname="Test Cases/005_login_email_wrongemailformat" status="PASSED">
         <system-out><![CDATA[2018-02-08 16:59:03 - [TEST_CASE][PASSED] - Test Cases/005_login_email_wrongemailformat: Test Cases/005_login_email_wrongemailformat

2018-02-08 16:59:03 - [TEST_STEP][PASSED] - autoKeywords.goToHomepageMax.goToHomepage: autoKeywords.goToHomepageMax.goToHomepage is PASSED

2018-02-08 16:59:05 - [MESSAGE][PASSED] - Browser is opened with url: ''

2018-02-08 16:59:06 - [MESSAGE][PASSED] - Current window maximized

2018-02-08 16:59:08 - [MESSAGE][PASSED] - Navigate to 'https://oddleautomate.beta.oddle.me/' successfully

2018-02-08 16:59:08 - [MESSAGE][PASSED] - autoKeywords.goToHomepageMax.goToHomepage is PASSED

2018-02-08 16:59:08 - [TEST_STEP][PASSED] - click: Object: 'Object Repository/logIn/span_Sign In' is clicked on

2018-02-08 16:59:08 - [MESSAGE][PASSED] - Object: 'Object Repository/logIn/span_Sign In' is clicked on

2018-02-08 16:59:08 - [TEST_STEP][PASSED] - verifyElementVisible: Object 'Object Repository/logIn/div_grid-parent signin window' is visible

2018-02-08 16:59:08 - [MESSAGE][PASSED] - Object 'Object Repository/logIn/div_grid-parent signin window' is visible

2018-02-08 16:59:08 - [TEST_STEP][PASSED] - setText: Text 'wrong_email_format' is set on object 'Object Repository/logIn/input_email'

2018-02-08 16:59:09 - [MESSAGE][PASSED] - Text 'wrong_email_format' is set on object 'Object Repository/logIn/input_email'

2018-02-08 16:59:09 - [TEST_STEP][PASSED] - setText: Text 'password' is set on object 'Object Repository/logIn/input_password'

2018-02-08 16:59:09 - [MESSAGE][PASSED] - Text 'password' is set on object 'Object Repository/logIn/input_password'

2018-02-08 16:59:09 - [TEST_STEP][PASSED] - click: Object: 'Object Repository/logIn/button_signin-flow-Sign In' is clicked on

2018-02-08 16:59:09 - [MESSAGE][PASSED] - Object: 'Object Repository/logIn/button_signin-flow-Sign In' is clicked on

2018-02-08 16:59:09 - [TEST_STEP][PASSED] - verifyElementVisible: Object 'Object Repository/logIn/div_grid-parent signin window' is visible

2018-02-08 16:59:09 - [MESSAGE][PASSED] - Object 'Object Repository/logIn/div_grid-parent signin window' is visible

2018-02-08 16:59:09 - [TEST_STEP][PASSED] - waitForElementVisible: Object 'Object Repository/logIn/a_ close signin window' is visible

2018-02-08 16:59:09 - [MESSAGE][WARNING] - Timeout '0' is invalid. Using default page load timeout: '5'

2018-02-08 16:59:09 - [MESSAGE][PASSED] - Object 'Object Repository/logIn/a_ close signin window' is visible

2018-02-08 16:59:09 - [TEST_STEP][PASSED] - click: Object: 'Object Repository/logIn/a_ close signin window' is clicked on

2018-02-08 16:59:09 - [MESSAGE][PASSED] - Object: 'Object Repository/logIn/a_ close signin window' is clicked on

2018-02-08 16:59:09 - [TEST_STEP][PASSED] - autoKeywords.verifyLoginStatus.verifyLoggedOut: autoKeywords.verifyLoginStatus.verifyLoggedOut is PASSED

2018-02-08 16:59:09 - [MESSAGE][PASSED] - Text of object 'Object Repository/logIn/span_Sign In' is: 'Sign In'

2018-02-08 16:59:09 - [MESSAGE][PASSED] - Actual text 'Sign In' and expected text 'Sign In' are matched 

2018-02-08 16:59:09 - [MESSAGE][PASSED] - autoKeywords.verifyLoginStatus.verifyLoggedOut is PASSED]]></system-out>
         <system-err><![CDATA[]]></system-err>
      </testcase>
      <testcase name="Test Cases/006_login_fb_loggedin" classname="Test Cases/006_login_fb_loggedin" status="PASSED">
         <system-out><![CDATA[2018-02-08 16:59:10 - [TEST_CASE][PASSED] - Test Cases/006_login_fb_loggedin: Test Cases/006_login_fb_loggedin

2018-02-08 16:59:10 - [TEST_STEP][PASSED] - openBrowser: Browser is opened with url: ''

2018-02-08 16:59:12 - [MESSAGE][PASSED] - Browser is opened with url: ''

2018-02-08 16:59:12 - [TEST_STEP][PASSED] - maximizeWindow: Current window maximized

2018-02-08 16:59:13 - [MESSAGE][PASSED] - Current window maximized

2018-02-08 16:59:13 - [TEST_STEP][PASSED] - navigateToUrl: Navigate to 'https://www.facebook.com/' successfully

2018-02-08 16:59:15 - [MESSAGE][PASSED] - Navigate to 'https://www.facebook.com/' successfully

2018-02-08 16:59:15 - [TEST_STEP][PASSED] - setText: Text 'kevin.ang@oddle.me' is set on object 'Object Repository/externalSites/fb_input_email'

2018-02-08 16:59:15 - [MESSAGE][PASSED] - Text 'kevin.ang@oddle.me' is set on object 'Object Repository/externalSites/fb_input_email'

2018-02-08 16:59:15 - [TEST_STEP][PASSED] - setText: Text 'puToNtaB_1' is set on object 'Object Repository/externalSites/fb_input_pass'

2018-02-08 16:59:15 - [MESSAGE][PASSED] - Text 'puToNtaB_1' is set on object 'Object Repository/externalSites/fb_input_pass'

2018-02-08 16:59:15 - [TEST_STEP][PASSED] - click: Object: 'Object Repository/externalSites/fb_input_login' is clicked on

2018-02-08 16:59:19 - [MESSAGE][PASSED] - Object: 'Object Repository/externalSites/fb_input_login' is clicked on

2018-02-08 16:59:19 - [TEST_STEP][PASSED] - delay: Delayed 3 second(s)

2018-02-08 16:59:22 - [MESSAGE][PASSED] - Delayed 3 second(s)

2018-02-08 16:59:22 - [TEST_STEP][PASSED] - navigateToUrl: Navigate to 'https://oddleautomate.beta.oddle.me/' successfully

2018-02-08 16:59:23 - [MESSAGE][PASSED] - Navigate to 'https://oddleautomate.beta.oddle.me/' successfully

2018-02-08 16:59:23 - [TEST_STEP][PASSED] - click: Object: 'Object Repository/logIn/span_Sign In' is clicked on

2018-02-08 16:59:24 - [MESSAGE][PASSED] - Object: 'Object Repository/logIn/span_Sign In' is clicked on

2018-02-08 16:59:24 - [TEST_STEP][PASSED] - waitForElementClickable: Object 'Object Repository/logIn/button_Facebook Connect' is clickable

2018-02-08 16:59:24 - [MESSAGE][WARNING] - Timeout '0' is invalid. Using default page load timeout: '5'

2018-02-08 16:59:24 - [MESSAGE][PASSED] - Object 'Object Repository/logIn/button_Facebook Connect' is clickable

2018-02-08 16:59:24 - [TEST_STEP][PASSED] - click: Object: 'Object Repository/logIn/button_Facebook Connect' is clicked on

2018-02-08 16:59:24 - [MESSAGE][PASSED] - Object: 'Object Repository/logIn/button_Facebook Connect' is clicked on

2018-02-08 16:59:24 - [TEST_STEP][PASSED] - autoKeywords.verifyLoginStatus.verifyLoggedIn: autoKeywords.verifyLoginStatus.verifyLoggedIn is PASSED

2018-02-08 16:59:25 - [MESSAGE][PASSED] - Text of object 'Object Repository/logIn/span_signin_SignedIn Name' is: 'kevin test'

2018-02-08 16:59:25 - [MESSAGE][PASSED] - Actual text 'kevin test' and expected text 'kevin test' are matched 

2018-02-08 16:59:25 - [MESSAGE][PASSED] - autoKeywords.verifyLoginStatus.verifyLoggedIn is PASSED]]></system-out>
         <system-err><![CDATA[]]></system-err>
      </testcase>
      <testcase name="Test Cases/007_login_fb_notloggedin" classname="Test Cases/007_login_fb_notloggedin" status="FAILED">
         <failure type="FAILED" message="Unable to switch to window with title: 'Facebook' (Root cause: Cannot find window with title: 'Facebook')"/>
         <system-out><![CDATA[2018-02-08 16:59:26 - [TEST_CASE][FAILED] - Test Cases/007_login_fb_notloggedin: Test Cases/007_login_fb_notloggedin FAILED because (of) Unable to switch to window with title: 'Facebook' (Root cause: Cannot find window with title: 'Facebook')

2018-02-08 16:59:26 - [TEST_STEP][PASSED] - autoKeywords.goToHomepageMax.goToHomepage: autoKeywords.goToHomepageMax.goToHomepage is PASSED

2018-02-08 16:59:28 - [MESSAGE][PASSED] - Browser is opened with url: ''

2018-02-08 16:59:29 - [MESSAGE][PASSED] - Current window maximized

2018-02-08 16:59:31 - [MESSAGE][PASSED] - Navigate to 'https://oddleautomate.beta.oddle.me/' successfully

2018-02-08 16:59:31 - [MESSAGE][PASSED] - autoKeywords.goToHomepageMax.goToHomepage is PASSED

2018-02-08 16:59:31 - [TEST_STEP][PASSED] - click: Object: 'Object Repository/logIn/span_Sign In' is clicked on

2018-02-08 16:59:31 - [MESSAGE][PASSED] - Object: 'Object Repository/logIn/span_Sign In' is clicked on

2018-02-08 16:59:31 - [TEST_STEP][PASSED] - waitForElementClickable: Object 'Object Repository/logIn/button_Facebook Connect' is clickable

2018-02-08 16:59:31 - [MESSAGE][WARNING] - Timeout '0' is invalid. Using default page load timeout: '5'

2018-02-08 16:59:31 - [MESSAGE][PASSED] - Object 'Object Repository/logIn/button_Facebook Connect' is clickable

2018-02-08 16:59:31 - [TEST_STEP][PASSED] - click: Object: 'Object Repository/logIn/button_Facebook Connect' is clicked on

2018-02-08 16:59:31 - [MESSAGE][PASSED] - Object: 'Object Repository/logIn/button_Facebook Connect' is clicked on

2018-02-08 16:59:31 - [TEST_STEP][FAILED] - switchToWindowTitle: Unable to switch to window with title: 'Facebook' (Root cause: Cannot find window with title: 'Facebook')

2018-02-08 16:59:37 - [MESSAGE][FAILED] - Cannot find window with title: 'Facebook'
[[ATTACHMENT|C:\\Users\\Ang\\Katalon Studio\\oddle-automa-fesc-v3\\Reports\\login_logout\\20180208_165818\\1518080377294.png]]

2018-02-08 16:59:37 - [MESSAGE][FAILED] - Unable to switch to window with title: 'Facebook' (Root cause: Cannot find window with title: 'Facebook')
[[ATTACHMENT|C:\\Users\\Ang\\Katalon Studio\\oddle-automa-fesc-v3\\Reports\\login_logout\\20180208_165818\\1518080377609.png]]]]></system-out>
         <system-err><![CDATA[2018-02-08 16:59:26 - [TEST_CASE][FAILED] - Test Cases/007_login_fb_notloggedin: Test Cases/007_login_fb_notloggedin FAILED because (of) Unable to switch to window with title: 'Facebook' (Root cause: Cannot find window with title: 'Facebook')]]></system-err>
      </testcase>
      <testcase name="Test Cases/008_login_fb_wrongpw" classname="Test Cases/008_login_fb_wrongpw" status="FAILED">
         <failure type="FAILED" message="Unable to switch to window with title: 'Facebook' (Root cause: Cannot find window with title: 'Facebook')"/>
         <system-out><![CDATA[2018-02-08 16:59:38 - [TEST_CASE][FAILED] - Test Cases/008_login_fb_wrongpw: Test Cases/008_login_fb_wrongpw FAILED because (of) Unable to switch to window with title: 'Facebook' (Root cause: Cannot find window with title: 'Facebook')

2018-02-08 16:59:38 - [TEST_STEP][PASSED] - autoKeywords.goToHomepageMax.goToHomepage: autoKeywords.goToHomepageMax.goToHomepage is PASSED

2018-02-08 16:59:40 - [MESSAGE][PASSED] - Browser is opened with url: ''

2018-02-08 16:59:42 - [MESSAGE][PASSED] - Current window maximized

2018-02-08 16:59:43 - [MESSAGE][PASSED] - Navigate to 'https://oddleautomate.beta.oddle.me/' successfully

2018-02-08 16:59:43 - [MESSAGE][PASSED] - autoKeywords.goToHomepageMax.goToHomepage is PASSED

2018-02-08 16:59:43 - [TEST_STEP][PASSED] - click: Object: 'Object Repository/logIn/span_Sign In' is clicked on

2018-02-08 16:59:44 - [MESSAGE][PASSED] - Object: 'Object Repository/logIn/span_Sign In' is clicked on

2018-02-08 16:59:44 - [TEST_STEP][PASSED] - waitForElementClickable: Object 'Object Repository/logIn/button_Facebook Connect' is clickable

2018-02-08 16:59:44 - [MESSAGE][WARNING] - Timeout '0' is invalid. Using default page load timeout: '5'

2018-02-08 16:59:44 - [MESSAGE][PASSED] - Object 'Object Repository/logIn/button_Facebook Connect' is clickable

2018-02-08 16:59:44 - [TEST_STEP][PASSED] - click: Object: 'Object Repository/logIn/button_Facebook Connect' is clicked on

2018-02-08 16:59:44 - [MESSAGE][PASSED] - Object: 'Object Repository/logIn/button_Facebook Connect' is clicked on

2018-02-08 16:59:44 - [TEST_STEP][FAILED] - switchToWindowTitle: Unable to switch to window with title: 'Facebook' (Root cause: Cannot find window with title: 'Facebook')

2018-02-08 16:59:50 - [MESSAGE][FAILED] - Cannot find window with title: 'Facebook'
[[ATTACHMENT|C:\\Users\\Ang\\Katalon Studio\\oddle-automa-fesc-v3\\Reports\\login_logout\\20180208_165818\\1518080389935.png]]

2018-02-08 16:59:50 - [MESSAGE][FAILED] - Unable to switch to window with title: 'Facebook' (Root cause: Cannot find window with title: 'Facebook')
[[ATTACHMENT|C:\\Users\\Ang\\Katalon Studio\\oddle-automa-fesc-v3\\Reports\\login_logout\\20180208_165818\\1518080390230.png]]]]></system-out>
         <system-err><![CDATA[2018-02-08 16:59:38 - [TEST_CASE][FAILED] - Test Cases/008_login_fb_wrongpw: Test Cases/008_login_fb_wrongpw FAILED because (of) Unable to switch to window with title: 'Facebook' (Root cause: Cannot find window with title: 'Facebook')]]></system-err>
      </testcase>
      <testcase name="Test Cases/009_logout" classname="Test Cases/009_logout" status="PASSED">
         <system-out><![CDATA[2018-02-08 16:59:51 - [TEST_CASE][PASSED] - Test Cases/009_logout: Test Cases/009_logout

2018-02-08 16:59:51 - [TEST_STEP][PASSED] - callTestCase: Call Test Case 'Test Cases/001_login_email_successful' successfully

2018-02-08 16:59:51 - [TEST_CASE][PASSED] - Test Cases/001_login_email_successful: Test Cases/001_login_email_successful

2018-02-08 16:59:51 - [TEST_STEP][PASSED] - autoKeywords.goToHomepageMax.goToHomepage: autoKeywords.goToHomepageMax.goToHomepage is PASSED

2018-02-08 16:59:53 - [MESSAGE][PASSED] - Browser is opened with url: ''

2018-02-08 16:59:54 - [MESSAGE][PASSED] - Current window maximized

2018-02-08 16:59:56 - [MESSAGE][PASSED] - Navigate to 'https://oddleautomate.beta.oddle.me/' successfully

2018-02-08 16:59:56 - [MESSAGE][PASSED] - autoKeywords.goToHomepageMax.goToHomepage is PASSED

2018-02-08 16:59:56 - [TEST_STEP][PASSED] - click: Object: 'Object Repository/logIn/span_Sign In' is clicked on

2018-02-08 16:59:56 - [MESSAGE][PASSED] - Object: 'Object Repository/logIn/span_Sign In' is clicked on

2018-02-08 16:59:56 - [TEST_STEP][PASSED] - setText: Text 'kevin.ang+auto@oddle.me' is set on object 'Object Repository/logIn/input_email'

2018-02-08 16:59:56 - [MESSAGE][PASSED] - Text 'kevin.ang+auto@oddle.me' is set on object 'Object Repository/logIn/input_email'

2018-02-08 16:59:56 - [TEST_STEP][PASSED] - setText: Text 'password' is set on object 'Object Repository/logIn/input_password'

2018-02-08 16:59:57 - [MESSAGE][PASSED] - Text 'password' is set on object 'Object Repository/logIn/input_password'

2018-02-08 16:59:57 - [TEST_STEP][PASSED] - click: Object: 'Object Repository/logIn/button_signin-flow-Sign In' is clicked on

2018-02-08 16:59:57 - [MESSAGE][PASSED] - Object: 'Object Repository/logIn/button_signin-flow-Sign In' is clicked on

2018-02-08 16:59:57 - [TEST_STEP][PASSED] - click: Object: 'Object Repository/logIn/button_signin-flow-Save' is clicked on

2018-02-08 16:59:57 - [MESSAGE][PASSED] - Object: 'Object Repository/logIn/button_signin-flow-Save' is clicked on

2018-02-08 16:59:57 - [TEST_STEP][PASSED] - waitForElementVisible: Object 'Object Repository/logIn/button_ Continue Shopping' is visible

2018-02-08 16:59:57 - [MESSAGE][WARNING] - Timeout '0' is invalid. Using default page load timeout: '5'

2018-02-08 16:59:58 - [MESSAGE][PASSED] - Object 'Object Repository/logIn/button_ Continue Shopping' is visible

2018-02-08 16:59:58 - [TEST_STEP][PASSED] - click: Object: 'Object Repository/logIn/button_ Continue Shopping' is clicked on

2018-02-08 16:59:58 - [MESSAGE][PASSED] - Object: 'Object Repository/logIn/button_ Continue Shopping' is clicked on

2018-02-08 16:59:58 - [TEST_STEP][PASSED] - autoKeywords.verifyLoginStatus.verifyLoggedIn: autoKeywords.verifyLoginStatus.verifyLoggedIn is PASSED

2018-02-08 16:59:58 - [MESSAGE][PASSED] - Text of object 'Object Repository/logIn/span_signin_SignedIn Name' is: 'kevin test'

2018-02-08 16:59:58 - [MESSAGE][PASSED] - Actual text 'kevin test' and expected text 'kevin test' are matched 

2018-02-08 16:59:58 - [MESSAGE][PASSED] - autoKeywords.verifyLoginStatus.verifyLoggedIn is PASSED

2018-02-08 16:59:58 - [MESSAGE][PASSED] - Call Test Case 'Test Cases/001_login_email_successful' successfully

2018-02-08 16:59:58 - [TEST_STEP][PASSED] - click: Object: 'Object Repository/logIn/span_ns-close Notification' is clicked on

2018-02-08 16:59:58 - [MESSAGE][PASSED] - Object: 'Object Repository/logIn/span_ns-close Notification' is clicked on

2018-02-08 16:59:58 - [TEST_STEP][PASSED] - mouseOver: Object: 'Object Repository/accountSettings/div_signed header-btn user Hover On' is hovered

2018-02-08 16:59:58 - [MESSAGE][PASSED] - Object: 'Object Repository/accountSettings/div_signed header-btn user Hover On' is hovered

2018-02-08 16:59:58 - [TEST_STEP][PASSED] - waitForElementVisible: Object 'Object Repository/accountSettings/li_Sign Out' is visible

2018-02-08 16:59:58 - [MESSAGE][WARNING] - Timeout '0' is invalid. Using default page load timeout: '5'

2018-02-08 16:59:58 - [MESSAGE][PASSED] - Object 'Object Repository/accountSettings/li_Sign Out' is visible

2018-02-08 16:59:58 - [TEST_STEP][PASSED] - click: Object: 'Object Repository/accountSettings/li_Sign Out' is clicked on

2018-02-08 16:59:58 - [MESSAGE][PASSED] - Object: 'Object Repository/accountSettings/li_Sign Out' is clicked on

2018-02-08 16:59:58 - [TEST_STEP][PASSED] - delay: Delayed 1 second(s)

2018-02-08 16:59:59 - [MESSAGE][PASSED] - Delayed 1 second(s)

2018-02-08 16:59:59 - [TEST_STEP][PASSED] - autoKeywords.verifyLoginStatus.verifyLoggedOut: autoKeywords.verifyLoginStatus.verifyLoggedOut is PASSED

2018-02-08 16:59:59 - [MESSAGE][PASSED] - Text of object 'Object Repository/logIn/span_Sign In' is: 'Sign In'

2018-02-08 16:59:59 - [MESSAGE][PASSED] - Actual text 'Sign In' and expected text 'Sign In' are matched 

2018-02-08 16:59:59 - [MESSAGE][PASSED] - autoKeywords.verifyLoginStatus.verifyLoggedOut is PASSED]]></system-out>
         <system-err><![CDATA[]]></system-err>
      </testcase>
      <system-out><![CDATA[2018-02-08 16:58:25 - [TEST_SUITE][FAILED] - login_logout: Test Cases/007_login_fb_notloggedin FAILED because (of) Unable to switch to window with title: 'Facebook' (Root cause: Cannot find window with title: 'Facebook')]]></system-out>
      <system-err><![CDATA[2018-02-08 16:58:25 - [TEST_SUITE][FAILED] - login_logout: Test Cases/007_login_fb_notloggedin FAILED because (of) Unable to switch to window with title: 'Facebook' (Root cause: Cannot find window with title: 'Facebook')]]></system-err>
   </testsuite>
</testsuites>
