<?xml version="1.0" encoding="UTF-8"?>
<testsuites name="test_run" time="14" tests="0" failures="1" errors="0">
   <testsuite name="test_run" tests="0" failures="1" errors="0" time="14" timestamp="2018-02-14 14:24:08" hostname="Ang - DESKTOP-JMN7MR3" id="Test Suites/test_run">
      <properties>
         <property name="deviceName" value=""/>
         <property name="devicePlatform" value=""/>
         <property name="logFolder" value="C:\\Users\\Ang\\Katalon Studio\\oddle-automa-fesc-v3\\Reports\\test_run\\20180214_142400"/>
         <property name="logFiles" value="C:\\Users\\Ang\\Katalon Studio\\oddle-automa-fesc-v3\\Reports\\test_run\\20180214_142400\\execution0.log"/>
         <property name="attachments" value="C:\\Users\\Ang\\Katalon Studio\\oddle-automa-fesc-v3\\Reports\\test_run\\20180214_142400\\1518589461428.png"/>
         <property name="hostName" value="Ang - DESKTOP-JMN7MR3"/>
         <property name="os" value="Windows 10 64bit"/>
         <property name="katalonVersion" value="5.2.0.1"/>
         <property name="browser" value="Chrome 64.0.3282.167"/>
         <property name="hostAddress" value="192.168.126.1"/>
         <property name="sessionId" value="346938e1400d9459df3e6bd4ccecba7a"/>
         <property name="seleniumVersion" value="3.7.1"/>
         <property name="proxyInformation" value="ProxyInformation{proxyOption=NO_PROXY, proxyServerType=HTTP, password=, proxyServerAddress=, proxyServerPort=0}"/>
         <property name="platform" value="Windows 10"/>
      </properties>
      <testcase name="Test Cases/login_email_successful" classname="Test Cases/login_email_successful" status="FAILED">
         <failure type="FAILED" message="Unable to click on object 'Object Repository/logIn/span_Sign In' (Root cause: com.kms.katalon.core.webui.exception.WebElementNotFoundException: Web element with id: 'Object Repository/logIn/span_Sign In' located by 'By.xpath: //span[count(. | //*[@class = 'signin-button customise-signin-button']) = count(//*[@class = 'signin-button customise-signin-button'])][count(. | //*[@data-reactid = '.1.1.1.0.0']) = count(//*[@data-reactid = '.1.1.1.0.0'])][count(. | id(&quot;header-info-btn-container&quot;)/div[@class=&quot;grid-100 tablet-grid-100 mobile-grid-100 grid-parent&quot;]/div[@class=&quot;hide-on-mobile&quot;]/div[@class=&quot;header-btn user&quot;]/span[1]/span[@class=&quot;signin-button customise-signin-button&quot;]) = count(id(&quot;header-info-btn-container&quot;)/div[@class=&quot;grid-100 tablet-grid-100 mobile-grid-100 grid-parent&quot;]/div[@class=&quot;hide-on-mobile&quot;]/div[@class=&quot;header-btn user&quot;]/span[1]/span[@class=&quot;signin-button customise-signin-button&quot;])]' not found)"/>
         <system-out><![CDATA[2018-02-14 14:24:08 - [TEST_CASE][FAILED] - Test Cases/login_email_successful: Test Cases/login_email_successful FAILED because (of) Unable to click on object 'Object Repository/logIn/span_Sign In' (Root cause: com.kms.katalon.core.webui.exception.WebElementNotFoundException: Web element with id: 'Object Repository/logIn/span_Sign In' located by 'By.xpath: //span[count(. | //*[@class = 'signin-button customise-signin-button']) = count(//*[@class = 'signin-button customise-signin-button'])][count(. | //*[@data-reactid = '.1.1.1.0.0']) = count(//*[@data-reactid = '.1.1.1.0.0'])][count(. | id("header-info-btn-container")/div[@class="grid-100 tablet-grid-100 mobile-grid-100 grid-parent"]/div[@class="hide-on-mobile"]/div[@class="header-btn user"]/span[1]/span[@class="signin-button customise-signin-button"]) = count(id("header-info-btn-container")/div[@class="grid-100 tablet-grid-100 mobile-grid-100 grid-parent"]/div[@class="hide-on-mobile"]/div[@class="header-btn user"]/span[1]/span[@class="signin-button customise-signin-button"])]' not found)

2018-02-14 14:24:09 - [TEST_STEP][PASSED] - autoKeywords.goToHomepageMax.goToHomepage: autoKeywords.goToHomepageMax.goToHomepage is PASSED

2018-02-14 14:24:15 - [MESSAGE][PASSED] - Browser is opened with url: ''

2018-02-14 14:24:15 - [MESSAGE][PASSED] - Current window maximized

2018-02-14 14:24:16 - [MESSAGE][PASSED] - Navigate to 'https://oddleautomate.beta.oddle.me/' successfully

2018-02-14 14:24:16 - [MESSAGE][PASSED] - autoKeywords.goToHomepageMax.goToHomepage is PASSED

2018-02-14 14:24:16 - [TEST_STEP][FAILED] - click: Unable to click on object 'Object Repository/logIn/span_Sign In' (Root cause: com.kms.katalon.core.webui.exception.WebElementNotFoundException: Web element with id: 'Object Repository/logIn/span_Sign In' located by 'By.xpath: //span[count(. | //*[@class = 'signin-button customise-signin-button']) = count(//*[@class = 'signin-button customise-signin-button'])][count(. | //*[@data-reactid = '.1.1.1.0.0']) = count(//*[@data-reactid = '.1.1.1.0.0'])][count(. | id("header-info-btn-container")/div[@class="grid-100 tablet-grid-100 mobile-grid-100 grid-parent"]/div[@class="hide-on-mobile"]/div[@class="header-btn user"]/span[1]/span[@class="signin-button customise-signin-button"]) = count(id("header-info-btn-container")/div[@class="grid-100 tablet-grid-100 mobile-grid-100 grid-parent"]/div[@class="hide-on-mobile"]/div[@class="header-btn user"]/span[1]/span[@class="signin-button customise-signin-button"])]' not found)

2018-02-14 14:24:21 - [MESSAGE][FAILED] - Unable to click on object 'Object Repository/logIn/span_Sign In' (Root cause: com.kms.katalon.core.webui.exception.WebElementNotFoundException: Web element with id: 'Object Repository/logIn/span_Sign In' located by 'By.xpath: //span[count(. | //*[@class = 'signin-button customise-signin-button']) = count(//*[@class = 'signin-button customise-signin-button'])][count(. | //*[@data-reactid = '.1.1.1.0.0']) = count(//*[@data-reactid = '.1.1.1.0.0'])][count(. | id("header-info-btn-container")/div[@class="grid-100 tablet-grid-100 mobile-grid-100 grid-parent"]/div[@class="hide-on-mobile"]/div[@class="header-btn user"]/span[1]/span[@class="signin-button customise-signin-button"]) = count(id("header-info-btn-container")/div[@class="grid-100 tablet-grid-100 mobile-grid-100 grid-parent"]/div[@class="hide-on-mobile"]/div[@class="header-btn user"]/span[1]/span[@class="signin-button customise-signin-button"])]' not found)
[[ATTACHMENT|C:\\Users\\Ang\\Katalon Studio\\oddle-automa-fesc-v3\\Reports\\test_run\\20180214_142400\\1518589461428.png]]]]></system-out>
         <system-err><![CDATA[2018-02-14 14:24:08 - [TEST_CASE][FAILED] - Test Cases/login_email_successful: Test Cases/login_email_successful FAILED because (of) Unable to click on object 'Object Repository/logIn/span_Sign In' (Root cause: com.kms.katalon.core.webui.exception.WebElementNotFoundException: Web element with id: 'Object Repository/logIn/span_Sign In' located by 'By.xpath: //span[count(. | //*[@class = 'signin-button customise-signin-button']) = count(//*[@class = 'signin-button customise-signin-button'])][count(. | //*[@data-reactid = '.1.1.1.0.0']) = count(//*[@data-reactid = '.1.1.1.0.0'])][count(. | id("header-info-btn-container")/div[@class="grid-100 tablet-grid-100 mobile-grid-100 grid-parent"]/div[@class="hide-on-mobile"]/div[@class="header-btn user"]/span[1]/span[@class="signin-button customise-signin-button"]) = count(id("header-info-btn-container")/div[@class="grid-100 tablet-grid-100 mobile-grid-100 grid-parent"]/div[@class="hide-on-mobile"]/div[@class="header-btn user"]/span[1]/span[@class="signin-button customise-signin-button"])]' not found)]]></system-err>
      </testcase>
      <system-out><![CDATA[2018-02-14 14:24:08 - [TEST_SUITE][FAILED] - test_run: Test Cases/login_email_successful FAILED because (of) Unable to click on object 'Object Repository/logIn/span_Sign In' (Root cause: com.kms.katalon.core.webui.exception.WebElementNotFoundException: Web element with id: 'Object Repository/logIn/span_Sign In' located by 'By.xpath: //span[count(. | //*[@class = 'signin-button customise-signin-button']) = count(//*[@class = 'signin-button customise-signin-button'])][count(. | //*[@data-reactid = '.1.1.1.0.0']) = count(//*[@data-reactid = '.1.1.1.0.0'])][count(. | id("header-info-btn-container")/div[@class="grid-100 tablet-grid-100 mobile-grid-100 grid-parent"]/div[@class="hide-on-mobile"]/div[@class="header-btn user"]/span[1]/span[@class="signin-button customise-signin-button"]) = count(id("header-info-btn-container")/div[@class="grid-100 tablet-grid-100 mobile-grid-100 grid-parent"]/div[@class="hide-on-mobile"]/div[@class="header-btn user"]/span[1]/span[@class="signin-button customise-signin-button"])]' not found)]]></system-out>
      <system-err><![CDATA[2018-02-14 14:24:08 - [TEST_SUITE][FAILED] - test_run: Test Cases/login_email_successful FAILED because (of) Unable to click on object 'Object Repository/logIn/span_Sign In' (Root cause: com.kms.katalon.core.webui.exception.WebElementNotFoundException: Web element with id: 'Object Repository/logIn/span_Sign In' located by 'By.xpath: //span[count(. | //*[@class = 'signin-button customise-signin-button']) = count(//*[@class = 'signin-button customise-signin-button'])][count(. | //*[@data-reactid = '.1.1.1.0.0']) = count(//*[@data-reactid = '.1.1.1.0.0'])][count(. | id("header-info-btn-container")/div[@class="grid-100 tablet-grid-100 mobile-grid-100 grid-parent"]/div[@class="hide-on-mobile"]/div[@class="header-btn user"]/span[1]/span[@class="signin-button customise-signin-button"]) = count(id("header-info-btn-container")/div[@class="grid-100 tablet-grid-100 mobile-grid-100 grid-parent"]/div[@class="hide-on-mobile"]/div[@class="header-btn user"]/span[1]/span[@class="signin-button customise-signin-button"])]' not found)]]></system-err>
   </testsuite>
</testsuites>
